{"/home/travis/build/npmtest/node-npmtest-cordova-plugin-media/test.js":{"path":"/home/travis/build/npmtest/node-npmtest-cordova-plugin-media/test.js","s":{"1":2,"2":2,"3":2,"4":2,"5":2,"6":2,"7":2,"8":1,"9":2,"10":2,"11":1,"12":1,"13":1,"14":1,"15":2,"16":2,"17":2,"18":2,"19":1,"20":1,"21":2,"22":2,"23":2,"24":1,"25":1,"26":1,"27":1,"28":1,"29":1,"30":1,"31":1,"32":1,"33":1,"34":1,"35":1,"36":1,"37":1,"38":1,"39":2,"40":2,"41":1,"42":2,"43":2,"44":1,"45":2,"46":2,"47":1,"48":2,"49":2,"50":1,"51":1,"52":1,"53":1,"54":1},"b":{"1":[2,1,1,1],"2":[1,1,1,1],"3":[1,1],"4":[1,1],"5":[1,1],"6":[1,1],"7":[1,1],"8":[1,1],"9":[1,1],"10":[1,1,1],"11":[1,1],"12":[1,1],"13":[1,1],"14":[1,1],"15":[1,1],"16":[1,1],"17":[1,1]},"f":{"1":2,"2":2,"3":2,"4":2,"5":2,"6":1,"7":1,"8":1,"9":2,"10":2,"11":2,"12":2,"13":1},"fnMap":{"1":{"name":"(anonymous_1)","line":12,"loc":{"start":{"line":12,"column":1},"end":{"line":12,"column":13}}},"2":{"name":"(anonymous_2)","line":19,"loc":{"start":{"line":19,"column":5},"end":{"line":19,"column":17}}},"3":{"name":"(anonymous_3)","line":23,"loc":{"start":{"line":23,"column":24},"end":{"line":23,"column":36}}},"4":{"name":"(anonymous_4)","line":61,"loc":{"start":{"line":61,"column":5},"end":{"line":61,"column":17}}},"5":{"name":"(anonymous_5)","line":82,"loc":{"start":{"line":82,"column":5},"end":{"line":82,"column":17}}},"6":{"name":"(anonymous_6)","line":91,"loc":{"start":{"line":91,"column":77},"end":{"line":94,"column":10}}},"7":{"name":"(anonymous_7)","line":112,"loc":{"start":{"line":112,"column":83},"end":{"line":115,"column":10}},"skip":true},"8":{"name":"(anonymous_8)","line":123,"loc":{"start":{"line":123,"column":77},"end":{"line":126,"column":10}},"skip":true},"9":{"name":"(anonymous_9)","line":139,"loc":{"start":{"line":139,"column":12},"end":{"line":139,"column":40}},"skip":true},"10":{"name":"(anonymous_10)","line":147,"loc":{"start":{"line":147,"column":77},"end":{"line":150,"column":10}},"skip":true},"11":{"name":"(anonymous_11)","line":158,"loc":{"start":{"line":158,"column":83},"end":{"line":161,"column":10}},"skip":true},"12":{"name":"(anonymous_12)","line":169,"loc":{"start":{"line":169,"column":79},"end":{"line":172,"column":10}},"skip":true},"13":{"name":"(anonymous_13)","line":180,"loc":{"start":{"line":180,"column":75},"end":{"line":183,"column":10}},"skip":true}},"statementMap":{"1":{"start":{"line":12,"column":0},"end":{"line":195,"column":5}},"2":{"start":{"line":14,"column":4},"end":{"line":14,"column":14}},"3":{"start":{"line":19,"column":4},"end":{"line":56,"column":9}},"4":{"start":{"line":21,"column":8},"end":{"line":21,"column":19}},"5":{"start":{"line":23,"column":8},"end":{"line":35,"column":13}},"6":{"start":{"line":24,"column":12},"end":{"line":34,"column":13}},"7":{"start":{"line":25,"column":16},"end":{"line":28,"column":30}},"8":{"start":{"line":30,"column":16},"end":{"line":33,"column":27}},"9":{"start":{"line":37,"column":8},"end":{"line":39,"column":21}},"10":{"start":{"line":40,"column":8},"end":{"line":53,"column":9}},"11":{"start":{"line":43,"column":12},"end":{"line":46,"column":14}},"12":{"start":{"line":47,"column":12},"end":{"line":47,"column":18}},"13":{"start":{"line":50,"column":12},"end":{"line":51,"column":33}},"14":{"start":{"line":52,"column":12},"end":{"line":52,"column":18}},"15":{"start":{"line":55,"column":8},"end":{"line":55,"column":35}},"16":{"start":{"line":61,"column":4},"end":{"line":63,"column":9}},"17":{"start":{"line":62,"column":8},"end":{"line":62,"column":15}},"18":{"start":{"line":64,"column":4},"end":{"line":77,"column":5}},"19":{"start":{"line":70,"column":8},"end":{"line":70,"column":14}},"20":{"start":{"line":76,"column":8},"end":{"line":76,"column":14}},"21":{"start":{"line":82,"column":4},"end":{"line":84,"column":9}},"22":{"start":{"line":83,"column":8},"end":{"line":83,"column":15}},"23":{"start":{"line":85,"column":4},"end":{"line":194,"column":5}},"24":{"start":{"line":91,"column":8},"end":{"line":99,"column":10}},"25":{"start":{"line":98,"column":12},"end":{"line":98,"column":35}},"26":{"start":{"line":102,"column":8},"end":{"line":104,"column":63}},"27":{"start":{"line":105,"column":8},"end":{"line":105,"column":14}},"28":{"start":{"line":112,"column":8},"end":{"line":121,"column":10},"skip":true},"29":{"start":{"line":119,"column":12},"end":{"line":119,"column":55},"skip":true},"30":{"start":{"line":120,"column":12},"end":{"line":120,"column":48},"skip":true},"31":{"start":{"line":123,"column":8},"end":{"line":136,"column":10},"skip":true},"32":{"start":{"line":130,"column":12},"end":{"line":130,"column":76},"skip":true},"33":{"start":{"line":131,"column":12},"end":{"line":131,"column":73},"skip":true},"34":{"start":{"line":132,"column":12},"end":{"line":132,"column":74},"skip":true},"35":{"start":{"line":133,"column":12},"end":{"line":133,"column":79},"skip":true},"36":{"start":{"line":134,"column":12},"end":{"line":134,"column":25},"skip":true},"37":{"start":{"line":135,"column":12},"end":{"line":135,"column":45},"skip":true},"38":{"start":{"line":138,"column":8},"end":{"line":145,"column":14},"skip":true},"39":{"start":{"line":143,"column":16},"end":{"line":143,"column":29},"skip":true},"40":{"start":{"line":144,"column":16},"end":{"line":144,"column":55},"skip":true},"41":{"start":{"line":147,"column":8},"end":{"line":156,"column":10},"skip":true},"42":{"start":{"line":154,"column":12},"end":{"line":154,"column":25},"skip":true},"43":{"start":{"line":155,"column":12},"end":{"line":155,"column":45},"skip":true},"44":{"start":{"line":158,"column":8},"end":{"line":167,"column":10},"skip":true},"45":{"start":{"line":165,"column":12},"end":{"line":165,"column":25},"skip":true},"46":{"start":{"line":166,"column":12},"end":{"line":166,"column":48},"skip":true},"47":{"start":{"line":169,"column":8},"end":{"line":178,"column":10},"skip":true},"48":{"start":{"line":176,"column":12},"end":{"line":176,"column":25},"skip":true},"49":{"start":{"line":177,"column":12},"end":{"line":177,"column":46},"skip":true},"50":{"start":{"line":180,"column":8},"end":{"line":189,"column":10},"skip":true},"51":{"start":{"line":187,"column":12},"end":{"line":187,"column":94},"skip":true},"52":{"start":{"line":188,"column":12},"end":{"line":188,"column":48},"skip":true},"53":{"start":{"line":192,"column":8},"end":{"line":192,"column":35},"skip":true},"54":{"start":{"line":193,"column":8},"end":{"line":193,"column":14},"skip":true}},"branchMap":{"1":{"line":25,"type":"binary-expr","locations":[{"start":{"line":25,"column":23},"end":{"line":25,"column":62}},{"start":{"line":26,"column":20},"end":{"line":26,"column":70}},{"start":{"line":27,"column":20},"end":{"line":27,"column":71}},{"start":{"line":28,"column":20},"end":{"line":28,"column":29}}]},"2":{"line":30,"type":"binary-expr","locations":[{"start":{"line":30,"column":23},"end":{"line":30,"column":37}},{"start":{"line":31,"column":20},"end":{"line":31,"column":61}},{"start":{"line":32,"column":20},"end":{"line":32,"column":70}},{"start":{"line":33,"column":20},"end":{"line":33,"column":26}}]},"3":{"line":37,"type":"cond-expr","locations":[{"start":{"line":38,"column":14},"end":{"line":38,"column":20}},{"start":{"line":39,"column":14},"end":{"line":39,"column":20}}]},"4":{"line":40,"type":"switch","locations":[{"start":{"line":42,"column":8},"end":{"line":47,"column":18}},{"start":{"line":49,"column":8},"end":{"line":52,"column":18}}]},"5":{"line":44,"type":"binary-expr","locations":[{"start":{"line":44,"column":16},"end":{"line":44,"column":44}},{"start":{"line":44,"column":48},"end":{"line":44,"column":66}}]},"6":{"line":50,"type":"binary-expr","locations":[{"start":{"line":50,"column":21},"end":{"line":50,"column":49}},{"start":{"line":50,"column":53},"end":{"line":50,"column":72}}]},"7":{"line":64,"type":"switch","locations":[{"start":{"line":69,"column":4},"end":{"line":70,"column":14}},{"start":{"line":75,"column":4},"end":{"line":76,"column":14}}]},"8":{"line":85,"type":"switch","locations":[{"start":{"line":90,"column":4},"end":{"line":105,"column":14}},{"start":{"line":111,"column":4},"end":{"line":193,"column":14},"skip":true}]},"9":{"line":91,"type":"binary-expr","locations":[{"start":{"line":91,"column":42},"end":{"line":91,"column":73}},{"start":{"line":91,"column":77},"end":{"line":99,"column":9}}]},"10":{"line":102,"type":"binary-expr","locations":[{"start":{"line":102,"column":18},"end":{"line":102,"column":32}},{"start":{"line":103,"column":12},"end":{"line":103,"column":53}},{"start":{"line":104,"column":12},"end":{"line":104,"column":61}}]},"11":{"line":112,"type":"binary-expr","locations":[{"start":{"line":112,"column":45},"end":{"line":112,"column":79},"skip":true},{"start":{"line":112,"column":83},"end":{"line":121,"column":9},"skip":true}]},"12":{"line":123,"type":"binary-expr","locations":[{"start":{"line":123,"column":42},"end":{"line":123,"column":73},"skip":true},{"start":{"line":123,"column":77},"end":{"line":136,"column":9},"skip":true}]},"13":{"line":138,"type":"binary-expr","locations":[{"start":{"line":138,"column":48},"end":{"line":138,"column":85},"skip":true},{"start":{"line":139,"column":12},"end":{"line":145,"column":13},"skip":true}]},"14":{"line":147,"type":"binary-expr","locations":[{"start":{"line":147,"column":42},"end":{"line":147,"column":73},"skip":true},{"start":{"line":147,"column":77},"end":{"line":156,"column":9},"skip":true}]},"15":{"line":158,"type":"binary-expr","locations":[{"start":{"line":158,"column":45},"end":{"line":158,"column":79},"skip":true},{"start":{"line":158,"column":83},"end":{"line":167,"column":9},"skip":true}]},"16":{"line":169,"type":"binary-expr","locations":[{"start":{"line":169,"column":43},"end":{"line":169,"column":75},"skip":true},{"start":{"line":169,"column":79},"end":{"line":178,"column":9},"skip":true}]},"17":{"line":180,"type":"binary-expr","locations":[{"start":{"line":180,"column":41},"end":{"line":180,"column":71},"skip":true},{"start":{"line":180,"column":75},"end":{"line":189,"column":9},"skip":true}]}},"code":["/* istanbul instrument in package npmtest_cordova_plugin_media */","/*jslint","    bitwise: true,","    browser: true,","    maxerr: 8,","    maxlen: 96,","    node: true,","    nomen: true,","    regexp: true,","    stupid: true","*/","(function () {","    'use strict';","    var local;","","","","    // run shared js-env code - init-before","    (function () {","        // init local","        local = {};","        // init modeJs","        local.modeJs = (function () {","            try {","                return typeof navigator.userAgent === 'string' &&","                    typeof document.querySelector('body') === 'object' &&","                    typeof XMLHttpRequest.prototype.open === 'function' &&","                    'browser';","            } catch (errorCaughtBrowser) {","                return module.exports &&","                    typeof process.versions.node === 'string' &&","                    typeof require('http').createServer === 'function' &&","                    'node';","            }","        }());","        // init global","        local.global = local.modeJs === 'browser'","            ? window","            : global;","        switch (local.modeJs) {","        // re-init local from window.local","        case 'browser':","            local = local.global.utility2.objectSetDefault(","                local.global.utility2_rollup || local.global.local,","                local.global.utility2","            );","            break;","        // re-init local from example.js","        case 'node':","            local = (local.global.utility2_rollup || require('utility2'))","                .requireReadme();","            break;","        }","        // export local","        local.global.local = local;","    }());","","","","    // run shared js-env code - function","    (function () {","        return;","    }());","    switch (local.modeJs) {","","","","    // run browser js-env code - function","    case 'browser':","        break;","","","","    // run node js-env code - function","    case 'node':","        break;","    }","","","","    // run shared js-env code - init-after","    (function () {","        return;","    }());","    switch (local.modeJs) {","","","","    // run browser js-env code - init-after","    case 'browser':","        local.testCase_browser_nullCase = local.testCase_browser_nullCase || function (","            options,","            onError","        ) {","        /*","         * this function will test browsers's null-case handling-behavior-behavior","         */","            onError(null, options);","        };","","        // run tests","        local.nop(local.modeTest &&","            document.querySelector('#testRunButton1') &&","            document.querySelector('#testRunButton1').click());","        break;","","","","    // run node js-env code - init-after","    /* istanbul ignore next */","    case 'node':","        local.testCase_buildApidoc_default = local.testCase_buildApidoc_default || function (","            options,","            onError","        ) {","        /*","         * this function will test buildApidoc's default handling-behavior-behavior","         */","            options = { modulePathList: module.paths };","            local.buildApidoc(options, onError);","        };","","        local.testCase_buildApp_default = local.testCase_buildApp_default || function (","            options,","            onError","        ) {","        /*","         * this function will test buildApp's default handling-behavior-behavior","         */","            local.testCase_buildReadme_default(options, local.onErrorThrow);","            local.testCase_buildLib_default(options, local.onErrorThrow);","            local.testCase_buildTest_default(options, local.onErrorThrow);","            local.testCase_buildCustomOrg_default(options, local.onErrorThrow);","            options = [];","            local.buildApp(options, onError);","        };","","        local.testCase_buildCustomOrg_default = local.testCase_buildCustomOrg_default ||","            function (options, onError) {","            /*","             * this function will test buildCustomOrg's default handling-behavior","             */","                options = {};","                local.buildCustomOrg(options, onError);","            };","","        local.testCase_buildLib_default = local.testCase_buildLib_default || function (","            options,","            onError","        ) {","        /*","         * this function will test buildLib's default handling-behavior","         */","            options = {};","            local.buildLib(options, onError);","        };","","        local.testCase_buildReadme_default = local.testCase_buildReadme_default || function (","            options,","            onError","        ) {","        /*","         * this function will test buildReadme's default handling-behavior-behavior","         */","            options = {};","            local.buildReadme(options, onError);","        };","","        local.testCase_buildTest_default = local.testCase_buildTest_default || function (","            options,","            onError","        ) {","        /*","         * this function will test buildTest's default handling-behavior","         */","            options = {};","            local.buildTest(options, onError);","        };","","        local.testCase_webpage_default = local.testCase_webpage_default || function (","            options,","            onError","        ) {","        /*","         * this function will test webpage's default handling-behavior","         */","            options = { modeCoverageMerge: true, url: local.serverLocalHost + '?modeTest=1' };","            local.browserTest(options, onError);","        };","","        // run test-server","        local.testRunServer(local);","        break;","    }","}());",""],"l":{"12":2,"14":2,"19":2,"21":2,"23":2,"24":2,"25":2,"30":1,"37":2,"40":2,"43":1,"47":1,"50":1,"52":1,"55":2,"61":2,"62":2,"64":2,"70":1,"76":1,"82":2,"83":2,"85":2,"91":1,"98":1,"102":1,"105":1,"112":1,"119":1,"120":1,"123":1,"130":1,"131":1,"132":1,"133":1,"134":1,"135":1,"138":1,"143":2,"144":2,"147":1,"154":2,"155":2,"158":1,"165":2,"166":2,"169":1,"176":2,"177":2,"180":1,"187":1,"188":1,"192":1,"193":1}},"/home/travis/build/npmtest/node-npmtest-cordova-plugin-media/lib.npmtest_cordova_plugin_media.js":{"path":"/home/travis/build/npmtest/node-npmtest-cordova-plugin-media/lib.npmtest_cordova_plugin_media.js","s":{"1":2,"2":2,"3":2,"4":2,"5":2,"6":2,"7":2,"8":1,"9":2,"10":2,"11":2,"12":2,"13":1,"14":1,"15":1,"16":1},"b":{"1":[2,1,1,1],"2":[1,1,1,1],"3":[1,1],"4":[2,2],"5":[1,1]},"f":{"1":2,"2":2,"3":2},"fnMap":{"1":{"name":"(anonymous_1)","line":12,"loc":{"start":{"line":12,"column":1},"end":{"line":12,"column":13}}},"2":{"name":"(anonymous_2)","line":19,"loc":{"start":{"line":19,"column":5},"end":{"line":19,"column":17}}},"3":{"name":"(anonymous_3)","line":23,"loc":{"start":{"line":23,"column":24},"end":{"line":23,"column":36}}}},"statementMap":{"1":{"start":{"line":12,"column":0},"end":{"line":53,"column":5}},"2":{"start":{"line":14,"column":4},"end":{"line":14,"column":14}},"3":{"start":{"line":19,"column":4},"end":{"line":52,"column":9}},"4":{"start":{"line":21,"column":8},"end":{"line":21,"column":19}},"5":{"start":{"line":23,"column":8},"end":{"line":35,"column":13}},"6":{"start":{"line":24,"column":12},"end":{"line":34,"column":13}},"7":{"start":{"line":25,"column":16},"end":{"line":28,"column":30}},"8":{"start":{"line":30,"column":16},"end":{"line":33,"column":27}},"9":{"start":{"line":37,"column":8},"end":{"line":39,"column":21}},"10":{"start":{"line":41,"column":8},"end":{"line":41,"column":54}},"11":{"start":{"line":43,"column":8},"end":{"line":43,"column":65}},"12":{"start":{"line":45,"column":8},"end":{"line":51,"column":9}},"13":{"start":{"line":46,"column":12},"end":{"line":46,"column":71}},"14":{"start":{"line":48,"column":12},"end":{"line":48,"column":35}},"15":{"start":{"line":49,"column":12},"end":{"line":49,"column":49}},"16":{"start":{"line":50,"column":12},"end":{"line":50,"column":43}}},"branchMap":{"1":{"line":25,"type":"binary-expr","locations":[{"start":{"line":25,"column":23},"end":{"line":25,"column":62}},{"start":{"line":26,"column":20},"end":{"line":26,"column":70}},{"start":{"line":27,"column":20},"end":{"line":27,"column":71}},{"start":{"line":28,"column":20},"end":{"line":28,"column":29}}]},"2":{"line":30,"type":"binary-expr","locations":[{"start":{"line":30,"column":23},"end":{"line":30,"column":37}},{"start":{"line":31,"column":20},"end":{"line":31,"column":61}},{"start":{"line":32,"column":20},"end":{"line":32,"column":70}},{"start":{"line":33,"column":20},"end":{"line":33,"column":26}}]},"3":{"line":37,"type":"cond-expr","locations":[{"start":{"line":38,"column":14},"end":{"line":38,"column":20}},{"start":{"line":39,"column":14},"end":{"line":39,"column":20}}]},"4":{"line":41,"type":"binary-expr","locations":[{"start":{"line":41,"column":16},"end":{"line":41,"column":44}},{"start":{"line":41,"column":48},"end":{"line":41,"column":53}}]},"5":{"line":45,"type":"if","locations":[{"start":{"line":45,"column":8},"end":{"line":45,"column":8}},{"start":{"line":45,"column":8},"end":{"line":45,"column":8}}]}},"code":["/* istanbul instrument in package npmtest_cordova_plugin_media */","/*jslint","    bitwise: true,","    browser: true,","    maxerr: 8,","    maxlen: 96,","    node: true,","    nomen: true,","    regexp: true,","    stupid: true","*/","(function () {","    'use strict';","    var local;","","","","    // run shared js-env code - init-before","    (function () {","        // init local","        local = {};","        // init modeJs","        local.modeJs = (function () {","            try {","                return typeof navigator.userAgent === 'string' &&","                    typeof document.querySelector('body') === 'object' &&","                    typeof XMLHttpRequest.prototype.open === 'function' &&","                    'browser';","            } catch (errorCaughtBrowser) {","                return module.exports &&","                    typeof process.versions.node === 'string' &&","                    typeof require('http').createServer === 'function' &&","                    'node';","            }","        }());","        // init global","        local.global = local.modeJs === 'browser'","            ? window","            : global;","        // init utility2_rollup","        local = local.global.utility2_rollup || local;","        // init lib","        local.local = local.npmtest_cordova_plugin_media = local;","        // init exports","        if (local.modeJs === 'browser') {","            local.global.utility2_npmtest_cordova_plugin_media = local;","        } else {","            module.exports = local;","            module.exports.__dirname = __dirname;","            module.exports.module = module;","        }","    }());","}());",""],"l":{"12":2,"14":2,"19":2,"21":2,"23":2,"24":2,"25":2,"30":1,"37":2,"41":2,"43":2,"45":2,"46":1,"48":1,"49":1,"50":1}},"/home/travis/build/npmtest/node-npmtest-cordova-plugin-media/example.js":{"path":"/home/travis/build/npmtest/node-npmtest-cordova-plugin-media/example.js","s":{"1":2,"2":2,"3":2,"4":2,"5":2,"6":2,"7":2,"8":1,"9":2,"10":2,"11":2,"12":2,"13":1,"14":2,"15":2,"16":2,"17":2,"18":2,"19":0,"20":2,"21":1,"22":1,"23":1,"24":1,"25":1,"26":0,"27":0,"28":1,"29":1,"30":2,"31":0,"32":0,"33":0,"34":1,"35":2,"36":2,"37":3,"38":3,"39":3,"40":3,"41":0,"42":3,"43":3,"44":3,"45":1,"46":3,"47":1,"48":1,"49":1,"50":1,"51":1,"52":1,"53":1,"54":1,"55":1,"56":1,"57":0,"58":1,"59":6,"60":6,"61":1,"62":2,"63":0,"64":2,"65":1,"66":1,"67":0,"68":0,"69":0,"70":0,"71":0,"72":0,"73":0,"74":0,"75":0,"76":0,"77":0,"78":0,"79":0,"80":0,"81":0,"82":0,"83":0},"b":{"1":[2,1,1,1],"2":[1,1,1,1],"3":[1,1],"4":[2,2],"5":[1,1],"6":[1,1],"7":[2,0],"8":[2,1,1,1,1,1],"9":[0,2,0],"10":[1,1],"11":[2,1,1],"12":[1,0],"13":[0,2],"14":[2,0,0,0,0,0,0],"15":[0,3],"16":[3,0],"17":[1,1],"18":[0,1],"19":[1,2,0,2],"20":[1,0],"21":[1,1],"22":[0,0],"23":[0,0],"24":[0,0],"25":[0,0],"26":[0,0],"27":[0,0],"28":[0,0]},"f":{"1":2,"2":2,"3":2,"4":2,"5":2,"6":2,"7":3,"8":3,"9":3,"10":1,"11":6,"12":0},"fnMap":{"1":{"name":"(anonymous_1)","line":26,"loc":{"start":{"line":26,"column":1},"end":{"line":26,"column":13}}},"2":{"name":"(anonymous_2)","line":33,"loc":{"start":{"line":33,"column":5},"end":{"line":33,"column":17}}},"3":{"name":"(anonymous_3)","line":37,"loc":{"start":{"line":37,"column":24},"end":{"line":37,"column":36}}},"4":{"name":"(anonymous_4)","line":69,"loc":{"start":{"line":69,"column":31},"end":{"line":69,"column":48}},"skip":true},"5":{"name":"(anonymous_5)","line":78,"loc":{"start":{"line":78,"column":26},"end":{"line":78,"column":45}},"skip":true},"6":{"name":"(anonymous_6)","line":123,"loc":{"start":{"line":123,"column":33},"end":{"line":123,"column":48}},"skip":true},"7":{"name":"(anonymous_7)","line":125,"loc":{"start":{"line":125,"column":27},"end":{"line":125,"column":39}},"skip":true},"8":{"name":"(anonymous_8)","line":133,"loc":{"start":{"line":133,"column":59},"end":{"line":133,"column":74}},"skip":true},"9":{"name":"(anonymous_9)","line":143,"loc":{"start":{"line":143,"column":45},"end":{"line":143,"column":62}},"skip":true},"10":{"name":"(anonymous_10)","line":144,"loc":{"start":{"line":144,"column":73},"end":{"line":144,"column":92}},"skip":true},"11":{"name":"(anonymous_11)","line":272,"loc":{"start":{"line":272,"column":51},"end":{"line":272,"column":77}},"skip":true},"12":{"name":"(anonymous_12)","line":315,"loc":{"start":{"line":315,"column":32},"end":{"line":315,"column":61}},"skip":true}},"statementMap":{"1":{"start":{"line":26,"column":0},"end":{"line":326,"column":5}},"2":{"start":{"line":28,"column":4},"end":{"line":28,"column":14}},"3":{"start":{"line":33,"column":4},"end":{"line":60,"column":9}},"4":{"start":{"line":35,"column":8},"end":{"line":35,"column":19}},"5":{"start":{"line":37,"column":8},"end":{"line":49,"column":13}},"6":{"start":{"line":38,"column":12},"end":{"line":48,"column":13}},"7":{"start":{"line":39,"column":16},"end":{"line":42,"column":30}},"8":{"start":{"line":44,"column":16},"end":{"line":47,"column":27}},"9":{"start":{"line":51,"column":8},"end":{"line":53,"column":21}},"10":{"start":{"line":55,"column":8},"end":{"line":57,"column":45}},"11":{"start":{"line":59,"column":8},"end":{"line":59,"column":35}},"12":{"start":{"line":61,"column":4},"end":{"line":325,"column":5}},"13":{"start":{"line":69,"column":8},"end":{"line":121,"column":10},"skip":true},"14":{"start":{"line":70,"column":12},"end":{"line":88,"column":13},"skip":true},"15":{"start":{"line":76,"column":16},"end":{"line":87,"column":19},"skip":true},"16":{"start":{"line":79,"column":20},"end":{"line":86,"column":21},"skip":true},"17":{"start":{"line":82,"column":24},"end":{"line":82,"column":43},"skip":true},"18":{"start":{"line":83,"column":24},"end":{"line":83,"column":30},"skip":true},"19":{"start":{"line":85,"column":24},"end":{"line":85,"column":49},"skip":true},"20":{"start":{"line":89,"column":12},"end":{"line":107,"column":13},"skip":true},"21":{"start":{"line":92,"column":16},"end":{"line":102,"column":17},"skip":true},"22":{"start":{"line":93,"column":20},"end":{"line":93,"column":86},"skip":true},"23":{"start":{"line":94,"column":20},"end":{"line":95,"column":45},"skip":true},"24":{"start":{"line":96,"column":20},"end":{"line":96,"column":42},"skip":true},"25":{"start":{"line":97,"column":20},"end":{"line":97,"column":48},"skip":true},"26":{"start":{"line":100,"column":20},"end":{"line":100,"column":85},"skip":true},"27":{"start":{"line":101,"column":20},"end":{"line":101,"column":96},"skip":true},"28":{"start":{"line":103,"column":16},"end":{"line":103,"column":22},"skip":true},"29":{"start":{"line":106,"column":16},"end":{"line":106,"column":22},"skip":true},"30":{"start":{"line":108,"column":12},"end":{"line":120,"column":13},"skip":true},"31":{"start":{"line":114,"column":16},"end":{"line":119,"column":17},"skip":true},"32":{"start":{"line":116,"column":20},"end":{"line":116,"column":78},"skip":true},"33":{"start":{"line":118,"column":20},"end":{"line":118,"column":47},"skip":true},"34":{"start":{"line":123,"column":8},"end":{"line":141,"column":11},"skip":true},"35":{"start":{"line":124,"column":12},"end":{"line":124,"column":54},"skip":true},"36":{"start":{"line":125,"column":12},"end":{"line":140,"column":14},"skip":true},"37":{"start":{"line":126,"column":16},"end":{"line":126,"column":28},"skip":true},"38":{"start":{"line":127,"column":16},"end":{"line":127,"column":69},"skip":true},"39":{"start":{"line":128,"column":16},"end":{"line":128,"column":75},"skip":true},"40":{"start":{"line":129,"column":16},"end":{"line":131,"column":17},"skip":true},"41":{"start":{"line":130,"column":20},"end":{"line":130,"column":27},"skip":true},"42":{"start":{"line":133,"column":16},"end":{"line":137,"column":36},"skip":true},"43":{"start":{"line":134,"column":20},"end":{"line":136,"column":55},"skip":true},"44":{"start":{"line":139,"column":16},"end":{"line":139,"column":57},"skip":true},"45":{"start":{"line":143,"column":8},"end":{"line":147,"column":11},"skip":true},"46":{"start":{"line":144,"column":12},"end":{"line":146,"column":15},"skip":true},"47":{"start":{"line":145,"column":16},"end":{"line":145,"column":70},"skip":true},"48":{"start":{"line":149,"column":8},"end":{"line":149,"column":31},"skip":true},"49":{"start":{"line":150,"column":8},"end":{"line":150,"column":14},"skip":true},"50":{"start":{"line":158,"column":8},"end":{"line":158,"column":31},"skip":true},"51":{"start":{"line":160,"column":8},"end":{"line":160,"column":33},"skip":true},"52":{"start":{"line":161,"column":8},"end":{"line":161,"column":37},"skip":true},"53":{"start":{"line":162,"column":8},"end":{"line":162,"column":35},"skip":true},"54":{"start":{"line":164,"column":8},"end":{"line":164,"column":50},"skip":true},"55":{"start":{"line":166,"column":8},"end":{"line":256,"column":2},"skip":true},"56":{"start":{"line":258,"column":8},"end":{"line":286,"column":9},"skip":true},"57":{"start":{"line":259,"column":12},"end":{"line":269,"column":14},"skip":true},"58":{"start":{"line":271,"column":12},"end":{"line":285,"column":19},"skip":true},"59":{"start":{"line":274,"column":20},"end":{"line":274,"column":35},"skip":true},"60":{"start":{"line":275,"column":20},"end":{"line":284,"column":21},"skip":true},"61":{"start":{"line":277,"column":24},"end":{"line":277,"column":64},"skip":true},"62":{"start":{"line":279,"column":24},"end":{"line":279,"column":40},"skip":true},"63":{"start":{"line":281,"column":24},"end":{"line":281,"column":40},"skip":true},"64":{"start":{"line":283,"column":24},"end":{"line":283,"column":39},"skip":true},"65":{"start":{"line":288,"column":8},"end":{"line":290,"column":9},"skip":true},"66":{"start":{"line":289,"column":12},"end":{"line":289,"column":18},"skip":true},"67":{"start":{"line":291,"column":8},"end":{"line":293,"column":54},"skip":true},"68":{"start":{"line":296,"column":8},"end":{"line":301,"column":37},"skip":true},"69":{"start":{"line":303,"column":8},"end":{"line":303,"column":82},"skip":true},"70":{"start":{"line":306,"column":8},"end":{"line":308,"column":9},"skip":true},"71":{"start":{"line":307,"column":12},"end":{"line":307,"column":82},"skip":true},"72":{"start":{"line":310,"column":8},"end":{"line":312,"column":9},"skip":true},"73":{"start":{"line":311,"column":12},"end":{"line":311,"column":18},"skip":true},"74":{"start":{"line":313,"column":8},"end":{"line":313,"column":54},"skip":true},"75":{"start":{"line":314,"column":8},"end":{"line":314,"column":69},"skip":true},"76":{"start":{"line":315,"column":8},"end":{"line":323,"column":36},"skip":true},"77":{"start":{"line":316,"column":12},"end":{"line":316,"column":61},"skip":true},"78":{"start":{"line":317,"column":12},"end":{"line":320,"column":13},"skip":true},"79":{"start":{"line":318,"column":16},"end":{"line":318,"column":75},"skip":true},"80":{"start":{"line":319,"column":16},"end":{"line":319,"column":23},"skip":true},"81":{"start":{"line":321,"column":12},"end":{"line":321,"column":38},"skip":true},"82":{"start":{"line":322,"column":12},"end":{"line":322,"column":27},"skip":true},"83":{"start":{"line":324,"column":8},"end":{"line":324,"column":14},"skip":true}},"branchMap":{"1":{"line":39,"type":"binary-expr","locations":[{"start":{"line":39,"column":23},"end":{"line":39,"column":62}},{"start":{"line":40,"column":20},"end":{"line":40,"column":70}},{"start":{"line":41,"column":20},"end":{"line":41,"column":71}},{"start":{"line":42,"column":20},"end":{"line":42,"column":29}}]},"2":{"line":44,"type":"binary-expr","locations":[{"start":{"line":44,"column":23},"end":{"line":44,"column":37}},{"start":{"line":45,"column":20},"end":{"line":45,"column":61}},{"start":{"line":46,"column":20},"end":{"line":46,"column":70}},{"start":{"line":47,"column":20},"end":{"line":47,"column":26}}]},"3":{"line":51,"type":"cond-expr","locations":[{"start":{"line":52,"column":14},"end":{"line":52,"column":20}},{"start":{"line":53,"column":14},"end":{"line":53,"column":20}}]},"4":{"line":55,"type":"binary-expr","locations":[{"start":{"line":55,"column":16},"end":{"line":55,"column":44}},{"start":{"line":55,"column":49},"end":{"line":57,"column":43}}]},"5":{"line":55,"type":"cond-expr","locations":[{"start":{"line":56,"column":14},"end":{"line":56,"column":64}},{"start":{"line":57,"column":14},"end":{"line":57,"column":43}}]},"6":{"line":61,"type":"switch","locations":[{"start":{"line":68,"column":4},"end":{"line":150,"column":14},"skip":true},{"start":{"line":156,"column":4},"end":{"line":324,"column":14},"skip":true}]},"7":{"line":70,"type":"if","locations":[{"start":{"line":70,"column":12},"end":{"line":70,"column":12},"skip":true},{"start":{"line":70,"column":12},"end":{"line":70,"column":12},"skip":true}]},"8":{"line":70,"type":"binary-expr","locations":[{"start":{"line":70,"column":16},"end":{"line":70,"column":22},"skip":true},{"start":{"line":70,"column":27},"end":{"line":70,"column":32},"skip":true},{"start":{"line":71,"column":20},"end":{"line":71,"column":39},"skip":true},{"start":{"line":72,"column":20},"end":{"line":72,"column":49},"skip":true},{"start":{"line":73,"column":20},"end":{"line":73,"column":58},"skip":true},{"start":{"line":74,"column":20},"end":{"line":74,"column":69},"skip":true}]},"9":{"line":79,"type":"switch","locations":[{"start":{"line":80,"column":20},"end":{"line":80,"column":33},"skip":true},{"start":{"line":81,"column":20},"end":{"line":83,"column":30},"skip":true},{"start":{"line":84,"column":20},"end":{"line":85,"column":49},"skip":true}]},"10":{"line":89,"type":"switch","locations":[{"start":{"line":90,"column":12},"end":{"line":103,"column":22},"skip":true},{"start":{"line":105,"column":12},"end":{"line":106,"column":22},"skip":true}]},"11":{"line":89,"type":"binary-expr","locations":[{"start":{"line":89,"column":20},"end":{"line":89,"column":25},"skip":true},{"start":{"line":89,"column":29},"end":{"line":89,"column":48},"skip":true},{"start":{"line":89,"column":52},"end":{"line":89,"column":74},"skip":true}]},"12":{"line":92,"type":"if","locations":[{"start":{"line":92,"column":16},"end":{"line":92,"column":16},"skip":true},{"start":{"line":92,"column":16},"end":{"line":92,"column":16},"skip":true}]},"13":{"line":108,"type":"if","locations":[{"start":{"line":108,"column":12},"end":{"line":108,"column":12},"skip":true},{"start":{"line":108,"column":12},"end":{"line":108,"column":12},"skip":true}]},"14":{"line":108,"type":"binary-expr","locations":[{"start":{"line":108,"column":16},"end":{"line":108,"column":61},"skip":true},{"start":{"line":108,"column":66},"end":{"line":108,"column":72},"skip":true},{"start":{"line":108,"column":77},"end":{"line":108,"column":82},"skip":true},{"start":{"line":109,"column":20},"end":{"line":109,"column":39},"skip":true},{"start":{"line":110,"column":20},"end":{"line":110,"column":49},"skip":true},{"start":{"line":111,"column":20},"end":{"line":111,"column":58},"skip":true},{"start":{"line":112,"column":20},"end":{"line":112,"column":68},"skip":true}]},"15":{"line":129,"type":"if","locations":[{"start":{"line":129,"column":16},"end":{"line":129,"column":16},"skip":true},{"start":{"line":129,"column":16},"end":{"line":129,"column":16},"skip":true}]},"16":{"line":134,"type":"cond-expr","locations":[{"start":{"line":135,"column":26},"end":{"line":135,"column":29},"skip":true},{"start":{"line":136,"column":26},"end":{"line":136,"column":54},"skip":true}]},"17":{"line":164,"type":"binary-expr","locations":[{"start":{"line":164,"column":27},"end":{"line":164,"column":43},"skip":true},{"start":{"line":164,"column":47},"end":{"line":164,"column":49},"skip":true}]},"18":{"line":258,"type":"if","locations":[{"start":{"line":258,"column":8},"end":{"line":258,"column":8},"skip":true},{"start":{"line":258,"column":8},"end":{"line":258,"column":8},"skip":true}]},"19":{"line":275,"type":"switch","locations":[{"start":{"line":276,"column":20},"end":{"line":277,"column":64},"skip":true},{"start":{"line":278,"column":20},"end":{"line":279,"column":40},"skip":true},{"start":{"line":280,"column":20},"end":{"line":281,"column":40},"skip":true},{"start":{"line":282,"column":20},"end":{"line":283,"column":39},"skip":true}]},"20":{"line":288,"type":"if","locations":[{"start":{"line":288,"column":8},"end":{"line":288,"column":8},"skip":true},{"start":{"line":288,"column":8},"end":{"line":288,"column":8},"skip":true}]},"21":{"line":288,"type":"binary-expr","locations":[{"start":{"line":288,"column":12},"end":{"line":288,"column":40},"skip":true},{"start":{"line":288,"column":44},"end":{"line":288,"column":67},"skip":true}]},"22":{"line":292,"type":"binary-expr","locations":[{"start":{"line":292,"column":12},"end":{"line":292,"column":50},"skip":true},{"start":{"line":293,"column":12},"end":{"line":293,"column":53},"skip":true}]},"23":{"line":297,"type":"binary-expr","locations":[{"start":{"line":297,"column":12},"end":{"line":297,"column":78},"skip":true},{"start":{"line":298,"column":12},"end":{"line":301,"column":36},"skip":true}]},"24":{"line":303,"type":"binary-expr","locations":[{"start":{"line":303,"column":43},"end":{"line":303,"column":75},"skip":true},{"start":{"line":303,"column":79},"end":{"line":303,"column":81},"skip":true}]},"25":{"line":306,"type":"if","locations":[{"start":{"line":306,"column":8},"end":{"line":306,"column":8},"skip":true},{"start":{"line":306,"column":8},"end":{"line":306,"column":8},"skip":true}]},"26":{"line":310,"type":"if","locations":[{"start":{"line":310,"column":8},"end":{"line":310,"column":8},"skip":true},{"start":{"line":310,"column":8},"end":{"line":310,"column":8},"skip":true}]},"27":{"line":313,"type":"binary-expr","locations":[{"start":{"line":313,"column":27},"end":{"line":313,"column":43},"skip":true},{"start":{"line":313,"column":47},"end":{"line":313,"column":53},"skip":true}]},"28":{"line":317,"type":"if","locations":[{"start":{"line":317,"column":12},"end":{"line":317,"column":12},"skip":true},{"start":{"line":317,"column":12},"end":{"line":317,"column":12},"skip":true}]}},"code":["/*","example.js","","quickstart example","","instruction","    1. save this script as example.js","    2. run the shell command:","        $ npm install npmtest-cordova-plugin-media && PORT=8081 node example.js","    3. play with the browser-demo on http://127.0.0.1:8081","*/","","","","/* istanbul instrument in package npmtest_cordova_plugin_media */","/*jslint","    bitwise: true,","    browser: true,","    maxerr: 8,","    maxlen: 96,","    node: true,","    nomen: true,","    regexp: true,","    stupid: true","*/","(function () {","    'use strict';","    var local;","","","","    // run shared js-env code - init-before","    (function () {","        // init local","        local = {};","        // init modeJs","        local.modeJs = (function () {","            try {","                return typeof navigator.userAgent === 'string' &&","                    typeof document.querySelector('body') === 'object' &&","                    typeof XMLHttpRequest.prototype.open === 'function' &&","                    'browser';","            } catch (errorCaughtBrowser) {","                return module.exports &&","                    typeof process.versions.node === 'string' &&","                    typeof require('http').createServer === 'function' &&","                    'node';","            }","        }());","        // init global","        local.global = local.modeJs === 'browser'","            ? window","            : global;","        // init utility2_rollup","        local = local.global.utility2_rollup || (local.modeJs === 'browser'","            ? local.global.utility2_npmtest_cordova_plugin_media","            : global.utility2_moduleExports);","        // export local","        local.global.local = local;","    }());","    switch (local.modeJs) {","","","","    // init-after","    // run browser js-env code - init-after","    /* istanbul ignore next */","    case 'browser':","        local.testRunBrowser = function (event) {","            if (!event || (event &&","                    event.currentTarget &&","                    event.currentTarget.className &&","                    event.currentTarget.className.includes &&","                    event.currentTarget.className.includes('onreset'))) {","                // reset output","                Array.from(","                    document.querySelectorAll('body > .resettable')","                ).forEach(function (element) {","                    switch (element.tagName) {","                    case 'INPUT':","                    case 'TEXTAREA':","                        element.value = '';","                        break;","                    default:","                        element.textContent = '';","                    }","                });","            }","            switch (event && event.currentTarget && event.currentTarget.id) {","            case 'testRunButton1':","                // show tests","                if (document.querySelector('#testReportDiv1').style.display === 'none') {","                    document.querySelector('#testReportDiv1').style.display = 'block';","                    document.querySelector('#testRunButton1').textContent =","                        'hide internal test';","                    local.modeTest = true;","                    local.testRunDefault(local);","                // hide tests","                } else {","                    document.querySelector('#testReportDiv1').style.display = 'none';","                    document.querySelector('#testRunButton1').textContent = 'run internal test';","                }","                break;","            // custom-case","            default:","                break;","            }","            if (document.querySelector('#inputTextareaEval1') && (!event || (event &&","                    event.currentTarget &&","                    event.currentTarget.className &&","                    event.currentTarget.className.includes &&","                    event.currentTarget.className.includes('oneval')))) {","                // try to eval input-code","                try {","                    /*jslint evil: true*/","                    eval(document.querySelector('#inputTextareaEval1').value);","                } catch (errorCaught) {","                    console.error(errorCaught);","                }","            }","        };","        // log stderr and stdout to #outputTextareaStdout1","        ['error', 'log'].forEach(function (key) {","            console[key + '_original'] = console[key];","            console[key] = function () {","                var element;","                console[key + '_original'].apply(console, arguments);","                element = document.querySelector('#outputTextareaStdout1');","                if (!element) {","                    return;","                }","                // append text to #outputTextareaStdout1","                element.value += Array.from(arguments).map(function (arg) {","                    return typeof arg === 'string'","                        ? arg","                        : JSON.stringify(arg, null, 4);","                }).join(' ') + '\\n';","                // scroll textarea to bottom","                element.scrollTop = element.scrollHeight;","            };","        });","        // init event-handling","        ['change', 'click', 'keyup'].forEach(function (event) {","            Array.from(document.querySelectorAll('.on' + event)).forEach(function (element) {","                element.addEventListener(event, local.testRunBrowser);","            });","        });","        // run tests","        local.testRunBrowser();","        break;","","","","    // run node js-env code - init-after","    /* istanbul ignore next */","    case 'node':","        // export local","        module.exports = local;","        // require modules","        local.fs = require('fs');","        local.http = require('http');","        local.url = require('url');","        // init assets","        local.assetsDict = local.assetsDict || {};","        /* jslint-ignore-begin */","        local.assetsDict['/assets.index.template.html'] = '\\","<!doctype html>\\n\\","<html lang=\"en\">\\n\\","<head>\\n\\","<meta charset=\"UTF-8\">\\n\\","<meta name=\"viewport\" content=\"width=device-width, initial-scale=1\">\\n\\","<title>{{env.npm_package_name}} (v{{env.npm_package_version}})</title>\\n\\","<style>\\n\\","/*csslint\\n\\","    box-sizing: false,\\n\\","    universal-selector: false\\n\\","*/\\n\\","* {\\n\\","    box-sizing: border-box;\\n\\","}\\n\\","body {\\n\\","    background: #dde;\\n\\","    font-family: Arial, Helvetica, sans-serif;\\n\\","    margin: 2rem;\\n\\","}\\n\\","body > * {\\n\\","    margin-bottom: 1rem;\\n\\","}\\n\\",".utility2FooterDiv {\\n\\","    margin-top: 20px;\\n\\","    text-align: center;\\n\\","}\\n\\","</style>\\n\\","<style>\\n\\","/*csslint\\n\\","*/\\n\\","textarea {\\n\\","    font-family: monospace;\\n\\","    height: 10rem;\\n\\","    width: 100%;\\n\\","}\\n\\","textarea[readonly] {\\n\\","    background: #ddd;\\n\\","}\\n\\","</style>\\n\\","</head>\\n\\","<body>\\n\\","<!-- utility2-comment\\n\\","<div id=\"ajaxProgressDiv1\" style=\"background: #d00; height: 2px; left: 0; margin: 0; padding: 0; position: fixed; top: 0; transition: background 0.5s, width 1.5s; width: 25%;\"></div>\\n\\","utility2-comment -->\\n\\","<h1>\\n\\","<!-- utility2-comment\\n\\","    <a\\n\\","        {{#if env.npm_package_homepage}}\\n\\","        href=\"{{env.npm_package_homepage}}\"\\n\\","        {{/if env.npm_package_homepage}}\\n\\","        target=\"_blank\"\\n\\","    >\\n\\","utility2-comment -->\\n\\","        {{env.npm_package_name}} (v{{env.npm_package_version}})\\n\\","<!-- utility2-comment\\n\\","    </a>\\n\\","utility2-comment -->\\n\\","</h1>\\n\\","<h3>{{env.npm_package_description}}</h3>\\n\\","<!-- utility2-comment\\n\\","<h4><a download href=\"assets.app.js\">download standalone app</a></h4>\\n\\","<button class=\"onclick onreset\" id=\"testRunButton1\">run internal test</button><br>\\n\\","<div id=\"testReportDiv1\" style=\"display: none;\"></div>\\n\\","utility2-comment -->\\n\\","\\n\\","\\n\\","\\n\\","<label>stderr and stdout</label>\\n\\","<textarea class=\"resettable\" id=\"outputTextareaStdout1\" readonly></textarea>\\n\\","<!-- utility2-comment\\n\\","{{#if isRollup}}\\n\\","<script src=\"assets.app.js\"></script>\\n\\","{{#unless isRollup}}\\n\\","utility2-comment -->\\n\\","<script src=\"assets.utility2.rollup.js\"></script>\\n\\","<script src=\"jsonp.utility2._stateInit?callback=window.utility2._stateInit\"></script>\\n\\","<script src=\"assets.npmtest_cordova_plugin_media.rollup.js\"></script>\\n\\","<script src=\"assets.example.js\"></script>\\n\\","<script src=\"assets.test.js\"></script>\\n\\","<!-- utility2-comment\\n\\","{{/if isRollup}}\\n\\","utility2-comment -->\\n\\","<div class=\"utility2FooterDiv\">\\n\\","    [ this app was created with\\n\\","    <a href=\"https://github.com/kaizhu256/node-utility2\" target=\"_blank\">utility2</a>\\n\\","    ]\\n\\","</div>\\n\\","</body>\\n\\","</html>\\n\\","';","        /* jslint-ignore-end */","        if (local.templateRender) {","            local.assetsDict['/'] = local.templateRender(","                local.assetsDict['/assets.index.template.html'],","                {","                    env: local.objectSetDefault(local.env, {","                        npm_package_description: 'the greatest app in the world!',","                        npm_package_name: 'my-app',","                        npm_package_nameAlias: 'my_app',","                        npm_package_version: '0.0.1'","                    })","                }","            );","        } else {","            local.assetsDict['/'] = local.assetsDict['/assets.index.template.html']","                .replace((/\\{\\{env\\.(\\w+?)\\}\\}/g), function (match0, match1) {","                    // jslint-hack","                    String(match0);","                    switch (match1) {","                    case 'npm_package_description':","                        return 'the greatest app in the world!';","                    case 'npm_package_name':","                        return 'my-app';","                    case 'npm_package_nameAlias':","                        return 'my_app';","                    case 'npm_package_version':","                        return '0.0.1';","                    }","                });","        }","        // run the cli","        if (local.global.utility2_rollup || module !== require.main) {","            break;","        }","        local.assetsDict['/assets.example.js'] =","            local.assetsDict['/assets.example.js'] ||","            local.fs.readFileSync(__filename, 'utf8');","        // bug-workaround - long $npm_package_buildCustomOrg","        /* jslint-ignore-begin */","        local.assetsDict['/assets.npmtest_cordova_plugin_media.rollup.js'] =","            local.assetsDict['/assets.npmtest_cordova_plugin_media.rollup.js'] ||","            local.fs.readFileSync(","                local.npmtest_cordova_plugin_media.__dirname + '/lib.npmtest_cordova_plugin_media.js',","                'utf8'","            ).replace((/^#!/), '//');","        /* jslint-ignore-end */","        local.assetsDict['/favicon.ico'] = local.assetsDict['/favicon.ico'] || '';","        // if $npm_config_timeout_exit exists,","        // then exit this process after $npm_config_timeout_exit ms","        if (Number(process.env.npm_config_timeout_exit)) {","            setTimeout(process.exit, Number(process.env.npm_config_timeout_exit));","        }","        // start server","        if (local.global.utility2_serverHttp1) {","            break;","        }","        process.env.PORT = process.env.PORT || '8081';","        console.error('server starting on port ' + process.env.PORT);","        local.http.createServer(function (request, response) {","            request.urlParsed = local.url.parse(request.url);","            if (local.assetsDict[request.urlParsed.pathname] !== undefined) {","                response.end(local.assetsDict[request.urlParsed.pathname]);","                return;","            }","            response.statusCode = 404;","            response.end();","        }).listen(process.env.PORT);","        break;","    }","}());",""],"l":{"26":2,"28":2,"33":2,"35":2,"37":2,"38":2,"39":2,"44":1,"51":2,"55":2,"59":2,"61":2,"69":1,"70":2,"76":2,"79":2,"82":2,"83":2,"85":1,"89":2,"92":1,"93":1,"94":1,"96":1,"97":1,"100":1,"101":1,"103":1,"106":1,"108":2,"114":1,"116":1,"118":1,"123":1,"124":2,"125":2,"126":3,"127":3,"128":3,"129":3,"130":1,"133":3,"134":3,"139":3,"143":1,"144":3,"145":1,"149":1,"150":1,"158":1,"160":1,"161":1,"162":1,"164":1,"166":1,"258":1,"259":1,"271":1,"274":6,"275":6,"277":1,"279":2,"281":1,"283":2,"288":1,"289":1,"291":1,"296":1,"303":1,"306":1,"307":1,"310":1,"311":1,"313":1,"314":1,"315":1,"316":1,"317":1,"318":1,"319":1,"321":1,"322":1,"324":1}},"/home/travis/build/npmtest/node-npmtest-cordova-plugin-media/node_modules/cordova-plugin-media/www/MediaError.js":{"path":"/home/travis/build/npmtest/node-npmtest-cordova-plugin-media/node_modules/cordova-plugin-media/www/MediaError.js","s":{"1":2,"2":0,"3":0,"4":0,"5":0,"6":0,"7":0,"8":0,"9":0,"10":0,"11":0,"12":0},"b":{"1":[0,0],"2":[0,0],"3":[0,0],"4":[0,0],"5":[0,0],"6":[0,0],"7":[0,0],"8":[0,0],"9":[0,0]},"f":{"1":0},"fnMap":{"1":{"name":"(anonymous_1)","line":40,"loc":{"start":{"line":40,"column":38},"end":{"line":40,"column":58}}}},"statementMap":{"1":{"start":{"line":36,"column":1},"end":{"line":36,"column":37}},"2":{"start":{"line":39,"column":0},"end":{"line":44,"column":1}},"3":{"start":{"line":40,"column":4},"end":{"line":43,"column":6}},"4":{"start":{"line":41,"column":8},"end":{"line":41,"column":63}},"5":{"start":{"line":42,"column":8},"end":{"line":42,"column":33}},"6":{"start":{"line":46,"column":0},"end":{"line":46,"column":81}},"7":{"start":{"line":47,"column":0},"end":{"line":47,"column":81}},"8":{"start":{"line":48,"column":0},"end":{"line":48,"column":81}},"9":{"start":{"line":49,"column":0},"end":{"line":49,"column":81}},"10":{"start":{"line":50,"column":0},"end":{"line":50,"column":81}},"11":{"start":{"line":53,"column":0},"end":{"line":53,"column":87}},"12":{"start":{"line":55,"column":0},"end":{"line":55,"column":29}}},"branchMap":{"1":{"line":39,"type":"if","locations":[{"start":{"line":39,"column":0},"end":{"line":39,"column":0}},{"start":{"line":39,"column":0},"end":{"line":39,"column":0}}]},"2":{"line":41,"type":"cond-expr","locations":[{"start":{"line":41,"column":51},"end":{"line":41,"column":55}},{"start":{"line":41,"column":58},"end":{"line":41,"column":62}}]},"3":{"line":42,"type":"binary-expr","locations":[{"start":{"line":42,"column":23},"end":{"line":42,"column":26}},{"start":{"line":42,"column":30},"end":{"line":42,"column":32}}]},"4":{"line":46,"type":"binary-expr","locations":[{"start":{"line":46,"column":39},"end":{"line":46,"column":72}},{"start":{"line":46,"column":79},"end":{"line":46,"column":80}}]},"5":{"line":47,"type":"binary-expr","locations":[{"start":{"line":47,"column":39},"end":{"line":47,"column":68}},{"start":{"line":47,"column":79},"end":{"line":47,"column":80}}]},"6":{"line":48,"type":"binary-expr","locations":[{"start":{"line":48,"column":39},"end":{"line":48,"column":68}},{"start":{"line":48,"column":79},"end":{"line":48,"column":80}}]},"7":{"line":49,"type":"binary-expr","locations":[{"start":{"line":49,"column":39},"end":{"line":49,"column":67}},{"start":{"line":49,"column":79},"end":{"line":49,"column":80}}]},"8":{"line":50,"type":"binary-expr","locations":[{"start":{"line":50,"column":39},"end":{"line":50,"column":75}},{"start":{"line":50,"column":79},"end":{"line":50,"column":80}}]},"9":{"line":53,"type":"binary-expr","locations":[{"start":{"line":53,"column":42},"end":{"line":53,"column":81}},{"start":{"line":53,"column":85},"end":{"line":53,"column":86}}]}},"code":["/*"," *"," * Licensed to the Apache Software Foundation (ASF) under one"," * or more contributor license agreements.  See the NOTICE file"," * distributed with this work for additional information"," * regarding copyright ownership.  The ASF licenses this file"," * to you under the Apache License, Version 2.0 (the"," * \"License\"); you may not use this file except in compliance"," * with the License.  You may obtain a copy of the License at"," *"," *   http://www.apache.org/licenses/LICENSE-2.0"," *"," * Unless required by applicable law or agreed to in writing,"," * software distributed under the License is distributed on an"," * \"AS IS\" BASIS, WITHOUT WARRANTIES OR CONDITIONS OF ANY"," * KIND, either express or implied.  See the License for the"," * specific language governing permissions and limitations"," * under the License."," *","*/","","/**"," * This class contains information about any Media errors.","*/","/*"," According to :: http://dev.w3.org/html5/spec-author-view/video.html#mediaerror"," We should never be creating these objects, we should just implement the interface"," which has 1 property for an instance, 'code'",""," instead of doing :","    errorCallbackFunction( new MediaError(3,'msg') );","we should simply use a literal :","    errorCallbackFunction( {'code':3} );"," */",""," var _MediaError = window.MediaError;","","","if(!_MediaError) {","    window.MediaError = _MediaError = function(code, msg) {","        this.code = (typeof code != 'undefined') ? code : null;","        this.message = msg || \"\"; // message is NON-standard! do not use!","    };","}","","_MediaError.MEDIA_ERR_NONE_ACTIVE    = _MediaError.MEDIA_ERR_NONE_ACTIVE    || 0;","_MediaError.MEDIA_ERR_ABORTED        = _MediaError.MEDIA_ERR_ABORTED        || 1;","_MediaError.MEDIA_ERR_NETWORK        = _MediaError.MEDIA_ERR_NETWORK        || 2;","_MediaError.MEDIA_ERR_DECODE         = _MediaError.MEDIA_ERR_DECODE         || 3;","_MediaError.MEDIA_ERR_NONE_SUPPORTED = _MediaError.MEDIA_ERR_NONE_SUPPORTED || 4;","// TODO: MediaError.MEDIA_ERR_NONE_SUPPORTED is legacy, the W3 spec now defines it as below.","// as defined by http://dev.w3.org/html5/spec-author-view/video.html#error-codes","_MediaError.MEDIA_ERR_SRC_NOT_SUPPORTED = _MediaError.MEDIA_ERR_SRC_NOT_SUPPORTED || 4;","","module.exports = _MediaError;",""],"l":{"36":2,"39":0,"40":0,"41":0,"42":0,"46":0,"47":0,"48":0,"49":0,"50":0,"53":0,"55":0}},"/home/travis/build/npmtest/node-npmtest-cordova-plugin-media/node_modules/cordova-plugin-media/www/Media.js":{"path":"/home/travis/build/npmtest/node-npmtest-cordova-plugin-media/node_modules/cordova-plugin-media/www/Media.js","s":{"1":2,"2":0,"3":0,"4":0,"5":0,"6":0,"7":0,"8":0,"9":0,"10":0,"11":0,"12":0,"13":0,"14":0,"15":0,"16":0,"17":0,"18":0,"19":0,"20":0,"21":0,"22":0,"23":0,"24":0,"25":0,"26":0,"27":0,"28":0,"29":0,"30":0,"31":0,"32":0,"33":0,"34":0,"35":0,"36":0,"37":0,"38":0,"39":0,"40":0,"41":0,"42":0,"43":0,"44":0,"45":0,"46":0,"47":0,"48":0,"49":0,"50":0,"51":0,"52":0,"53":0,"54":0,"55":0,"56":0,"57":0,"58":0,"59":0,"60":0,"61":0,"62":0,"63":0,"64":0,"65":0,"66":0,"67":0,"68":0,"69":0,"70":0,"71":0,"72":0,"73":0,"74":0,"75":0,"76":0,"77":0,"78":0,"79":0,"80":0,"81":0,"82":0,"83":0,"84":0,"85":0,"86":0,"87":1,"88":0,"89":0,"90":0,"91":0,"92":0,"93":0,"94":0,"95":0,"96":0,"97":0},"b":{"1":[0,0],"2":[0,0],"3":[0,0,0,0,0],"4":[0,0],"5":[0,0],"6":[0,0],"7":[0,0],"8":[0,0],"9":[0,0],"10":[0,0],"11":[0,0],"12":[0,0,0]},"f":{"1":0,"2":0,"3":0,"4":0,"5":0,"6":0,"7":0,"8":0,"9":0,"10":0,"11":0,"12":0,"13":0,"14":0,"15":0,"16":0,"17":0,"18":0,"19":0,"20":0,"21":0,"22":0,"23":0},"fnMap":{"1":{"name":"(anonymous_1)","line":40,"loc":{"start":{"line":40,"column":12},"end":{"line":40,"column":74}}},"2":{"name":"(anonymous_2)","line":68,"loc":{"start":{"line":68,"column":12},"end":{"line":68,"column":25}}},"3":{"name":"(anonymous_3)","line":75,"loc":{"start":{"line":75,"column":23},"end":{"line":75,"column":41}}},"4":{"name":"(anonymous_4)","line":82,"loc":{"start":{"line":82,"column":23},"end":{"line":82,"column":34}}},"5":{"name":"(anonymous_5)","line":84,"loc":{"start":{"line":84,"column":9},"end":{"line":84,"column":20}}},"6":{"name":"(anonymous_6)","line":92,"loc":{"start":{"line":92,"column":25},"end":{"line":92,"column":48}}},"7":{"name":"(anonymous_7)","line":94,"loc":{"start":{"line":94,"column":9},"end":{"line":94,"column":21}}},"8":{"name":"(anonymous_8)","line":102,"loc":{"start":{"line":102,"column":24},"end":{"line":102,"column":35}}},"9":{"name":"(anonymous_9)","line":112,"loc":{"start":{"line":112,"column":30},"end":{"line":112,"column":41}}},"10":{"name":"(anonymous_10)","line":119,"loc":{"start":{"line":119,"column":37},"end":{"line":119,"column":61}}},"11":{"name":"(anonymous_11)","line":121,"loc":{"start":{"line":121,"column":9},"end":{"line":121,"column":21}}},"12":{"name":"(anonymous_12)","line":130,"loc":{"start":{"line":130,"column":30},"end":{"line":130,"column":41}}},"13":{"name":"(anonymous_13)","line":137,"loc":{"start":{"line":137,"column":29},"end":{"line":137,"column":40}}},"14":{"name":"(anonymous_14)","line":144,"loc":{"start":{"line":144,"column":30},"end":{"line":144,"column":41}}},"15":{"name":"(anonymous_15)","line":151,"loc":{"start":{"line":151,"column":31},"end":{"line":151,"column":42}}},"16":{"name":"(anonymous_16)","line":158,"loc":{"start":{"line":158,"column":26},"end":{"line":158,"column":37}}},"17":{"name":"(anonymous_17)","line":165,"loc":{"start":{"line":165,"column":28},"end":{"line":165,"column":45}}},"18":{"name":"(anonymous_18)","line":172,"loc":{"start":{"line":172,"column":26},"end":{"line":172,"column":41}}},"19":{"name":"(anonymous_19)","line":183,"loc":{"start":{"line":183,"column":38},"end":{"line":183,"column":62}}},"20":{"name":"(anonymous_20)","line":184,"loc":{"start":{"line":184,"column":9},"end":{"line":184,"column":21}}},"21":{"name":"(anonymous_21)","line":197,"loc":{"start":{"line":197,"column":17},"end":{"line":197,"column":46}}},"22":{"name":"onMessageFromNative","line":238,"loc":{"start":{"line":238,"column":0},"end":{"line":238,"column":34}}},"23":{"name":"(anonymous_23)","line":253,"loc":{"start":{"line":253,"column":37},"end":{"line":253,"column":48}}}},"statementMap":{"1":{"start":{"line":22,"column":0},"end":{"line":24,"column":35}},"2":{"start":{"line":26,"column":0},"end":{"line":26,"column":22}},"3":{"start":{"line":40,"column":0},"end":{"line":51,"column":2}},"4":{"start":{"line":41,"column":4},"end":{"line":41,"column":52}},"5":{"start":{"line":42,"column":4},"end":{"line":42,"column":33}},"6":{"start":{"line":43,"column":4},"end":{"line":43,"column":33}},"7":{"start":{"line":44,"column":4},"end":{"line":44,"column":19}},"8":{"start":{"line":45,"column":4},"end":{"line":45,"column":43}},"9":{"start":{"line":46,"column":4},"end":{"line":46,"column":39}},"10":{"start":{"line":47,"column":4},"end":{"line":47,"column":41}},"11":{"start":{"line":48,"column":4},"end":{"line":48,"column":24}},"12":{"start":{"line":49,"column":4},"end":{"line":49,"column":24}},"13":{"start":{"line":50,"column":4},"end":{"line":50,"column":75}},"14":{"start":{"line":54,"column":0},"end":{"line":54,"column":22}},"15":{"start":{"line":55,"column":0},"end":{"line":55,"column":25}},"16":{"start":{"line":56,"column":0},"end":{"line":56,"column":25}},"17":{"start":{"line":57,"column":0},"end":{"line":57,"column":22}},"18":{"start":{"line":60,"column":0},"end":{"line":60,"column":21}},"19":{"start":{"line":61,"column":0},"end":{"line":61,"column":25}},"20":{"start":{"line":62,"column":0},"end":{"line":62,"column":24}},"21":{"start":{"line":63,"column":0},"end":{"line":63,"column":23}},"22":{"start":{"line":64,"column":0},"end":{"line":64,"column":24}},"23":{"start":{"line":65,"column":0},"end":{"line":65,"column":71}},"24":{"start":{"line":68,"column":0},"end":{"line":70,"column":2}},"25":{"start":{"line":69,"column":4},"end":{"line":69,"column":28}},"26":{"start":{"line":75,"column":0},"end":{"line":77,"column":2}},"27":{"start":{"line":76,"column":4},"end":{"line":76,"column":81}},"28":{"start":{"line":82,"column":0},"end":{"line":87,"column":2}},"29":{"start":{"line":83,"column":4},"end":{"line":83,"column":18}},"30":{"start":{"line":84,"column":4},"end":{"line":86,"column":67}},"31":{"start":{"line":85,"column":8},"end":{"line":85,"column":25}},"32":{"start":{"line":92,"column":0},"end":{"line":97,"column":2}},"33":{"start":{"line":93,"column":4},"end":{"line":93,"column":18}},"34":{"start":{"line":94,"column":4},"end":{"line":96,"column":76}},"35":{"start":{"line":95,"column":8},"end":{"line":95,"column":25}},"36":{"start":{"line":102,"column":0},"end":{"line":104,"column":2}},"37":{"start":{"line":103,"column":4},"end":{"line":103,"column":76}},"38":{"start":{"line":112,"column":0},"end":{"line":114,"column":2}},"39":{"start":{"line":113,"column":4},"end":{"line":113,"column":26}},"40":{"start":{"line":119,"column":0},"end":{"line":125,"column":2}},"41":{"start":{"line":120,"column":4},"end":{"line":120,"column":18}},"42":{"start":{"line":121,"column":4},"end":{"line":124,"column":60}},"43":{"start":{"line":122,"column":8},"end":{"line":122,"column":25}},"44":{"start":{"line":123,"column":8},"end":{"line":123,"column":19}},"45":{"start":{"line":130,"column":0},"end":{"line":132,"column":2}},"46":{"start":{"line":131,"column":4},"end":{"line":131,"column":88}},"47":{"start":{"line":137,"column":0},"end":{"line":139,"column":2}},"48":{"start":{"line":138,"column":4},"end":{"line":138,"column":77}},"49":{"start":{"line":144,"column":0},"end":{"line":146,"column":2}},"50":{"start":{"line":145,"column":4},"end":{"line":145,"column":78}},"51":{"start":{"line":151,"column":0},"end":{"line":153,"column":2}},"52":{"start":{"line":152,"column":4},"end":{"line":152,"column":79}},"53":{"start":{"line":158,"column":0},"end":{"line":160,"column":2}},"54":{"start":{"line":159,"column":4},"end":{"line":159,"column":66}},"55":{"start":{"line":165,"column":0},"end":{"line":167,"column":2}},"56":{"start":{"line":166,"column":4},"end":{"line":166,"column":62}},"57":{"start":{"line":172,"column":0},"end":{"line":178,"column":2}},"58":{"start":{"line":173,"column":4},"end":{"line":177,"column":5}},"59":{"start":{"line":174,"column":8},"end":{"line":174,"column":62}},"60":{"start":{"line":176,"column":8},"end":{"line":176,"column":109}},"61":{"start":{"line":183,"column":0},"end":{"line":187,"column":2}},"62":{"start":{"line":184,"column":4},"end":{"line":186,"column":61}},"63":{"start":{"line":185,"column":8},"end":{"line":185,"column":19}},"64":{"start":{"line":197,"column":0},"end":{"line":234,"column":2}},"65":{"start":{"line":199,"column":4},"end":{"line":199,"column":33}},"66":{"start":{"line":201,"column":4},"end":{"line":232,"column":5}},"67":{"start":{"line":202,"column":8},"end":{"line":229,"column":9}},"68":{"start":{"line":204,"column":16},"end":{"line":206,"column":17}},"69":{"start":{"line":205,"column":20},"end":{"line":205,"column":48}},"70":{"start":{"line":207,"column":16},"end":{"line":211,"column":17}},"71":{"start":{"line":208,"column":20},"end":{"line":210,"column":21}},"72":{"start":{"line":209,"column":24},"end":{"line":209,"column":48}},"73":{"start":{"line":212,"column":16},"end":{"line":212,"column":22}},"74":{"start":{"line":214,"column":16},"end":{"line":214,"column":40}},"75":{"start":{"line":215,"column":16},"end":{"line":215,"column":22}},"76":{"start":{"line":217,"column":16},"end":{"line":219,"column":17}},"77":{"start":{"line":218,"column":20},"end":{"line":218,"column":47}},"78":{"start":{"line":220,"column":16},"end":{"line":220,"column":22}},"79":{"start":{"line":222,"column":16},"end":{"line":222,"column":48}},"80":{"start":{"line":223,"column":16},"end":{"line":223,"column":22}},"81":{"start":{"line":225,"column":16},"end":{"line":227,"column":17}},"82":{"start":{"line":226,"column":20},"end":{"line":226,"column":76}},"83":{"start":{"line":228,"column":16},"end":{"line":228,"column":22}},"84":{"start":{"line":230,"column":11},"end":{"line":232,"column":5}},"85":{"start":{"line":231,"column":8},"end":{"line":231,"column":85}},"86":{"start":{"line":236,"column":0},"end":{"line":236,"column":23}},"87":{"start":{"line":238,"column":0},"end":{"line":244,"column":1}},"88":{"start":{"line":239,"column":4},"end":{"line":243,"column":5}},"89":{"start":{"line":240,"column":8},"end":{"line":240,"column":76}},"90":{"start":{"line":242,"column":8},"end":{"line":242,"column":61}},"91":{"start":{"line":246,"column":0},"end":{"line":257,"column":1}},"92":{"start":{"line":248,"column":4},"end":{"line":248,"column":45}},"93":{"start":{"line":250,"column":4},"end":{"line":250,"column":47}},"94":{"start":{"line":251,"column":4},"end":{"line":251,"column":56}},"95":{"start":{"line":253,"column":4},"end":{"line":256,"column":7}},"96":{"start":{"line":254,"column":8},"end":{"line":254,"column":76}},"97":{"start":{"line":255,"column":8},"end":{"line":255,"column":61}}},"branchMap":{"1":{"line":173,"type":"if","locations":[{"start":{"line":173,"column":4},"end":{"line":173,"column":4}},{"start":{"line":173,"column":4},"end":{"line":173,"column":4}}]},"2":{"line":201,"type":"if","locations":[{"start":{"line":201,"column":4},"end":{"line":201,"column":4}},{"start":{"line":201,"column":4},"end":{"line":201,"column":4}}]},"3":{"line":202,"type":"switch","locations":[{"start":{"line":203,"column":12},"end":{"line":212,"column":22}},{"start":{"line":213,"column":12},"end":{"line":215,"column":22}},{"start":{"line":216,"column":12},"end":{"line":220,"column":22}},{"start":{"line":221,"column":12},"end":{"line":223,"column":22}},{"start":{"line":224,"column":12},"end":{"line":228,"column":22}}]},"4":{"line":204,"type":"if","locations":[{"start":{"line":204,"column":16},"end":{"line":204,"column":16}},{"start":{"line":204,"column":16},"end":{"line":204,"column":16}}]},"5":{"line":207,"type":"if","locations":[{"start":{"line":207,"column":16},"end":{"line":207,"column":16}},{"start":{"line":207,"column":16},"end":{"line":207,"column":16}}]},"6":{"line":208,"type":"if","locations":[{"start":{"line":208,"column":20},"end":{"line":208,"column":20}},{"start":{"line":208,"column":20},"end":{"line":208,"column":20}}]},"7":{"line":217,"type":"if","locations":[{"start":{"line":217,"column":16},"end":{"line":217,"column":16}},{"start":{"line":217,"column":16},"end":{"line":217,"column":16}}]},"8":{"line":225,"type":"if","locations":[{"start":{"line":225,"column":16},"end":{"line":225,"column":16}},{"start":{"line":225,"column":16},"end":{"line":225,"column":16}}]},"9":{"line":230,"type":"if","locations":[{"start":{"line":230,"column":11},"end":{"line":230,"column":11}},{"start":{"line":230,"column":11},"end":{"line":230,"column":11}}]},"10":{"line":239,"type":"if","locations":[{"start":{"line":239,"column":4},"end":{"line":239,"column":4}},{"start":{"line":239,"column":4},"end":{"line":239,"column":4}}]},"11":{"line":246,"type":"if","locations":[{"start":{"line":246,"column":0},"end":{"line":246,"column":0}},{"start":{"line":246,"column":0},"end":{"line":246,"column":0}}]},"12":{"line":246,"type":"binary-expr","locations":[{"start":{"line":246,"column":4},"end":{"line":246,"column":36}},{"start":{"line":246,"column":40},"end":{"line":246,"column":78}},{"start":{"line":246,"column":82},"end":{"line":246,"column":119}}]}},"code":["/*"," *"," * Licensed to the Apache Software Foundation (ASF) under one"," * or more contributor license agreements.  See the NOTICE file"," * distributed with this work for additional information"," * regarding copyright ownership.  The ASF licenses this file"," * to you under the Apache License, Version 2.0 (the"," * \"License\"); you may not use this file except in compliance"," * with the License.  You may obtain a copy of the License at"," *"," *   http://www.apache.org/licenses/LICENSE-2.0"," *"," * Unless required by applicable law or agreed to in writing,"," * software distributed under the License is distributed on an"," * \"AS IS\" BASIS, WITHOUT WARRANTIES OR CONDITIONS OF ANY"," * KIND, either express or implied.  See the License for the"," * specific language governing permissions and limitations"," * under the License."," *","*/","","var argscheck = require('cordova/argscheck'),","    utils = require('cordova/utils'),","    exec = require('cordova/exec');","","var mediaObjects = {};","","/**"," * This class provides access to the device media, interfaces to both sound and video"," *"," * @constructor"," * @param src                   The file name or url to play"," * @param successCallback       The callback to be called when the file is done playing or recording."," *                                  successCallback()"," * @param errorCallback         The callback to be called if there is an error."," *                                  errorCallback(int errorCode) - OPTIONAL"," * @param statusCallback        The callback to be called when media status has changed."," *                                  statusCallback(int statusCode) - OPTIONAL"," */","var Media = function(src, successCallback, errorCallback, statusCallback) {","    argscheck.checkArgs('sFFF', 'Media', arguments);","    this.id = utils.createUUID();","    mediaObjects[this.id] = this;","    this.src = src;","    this.successCallback = successCallback;","    this.errorCallback = errorCallback;","    this.statusCallback = statusCallback;","    this._duration = -1;","    this._position = -1;","    exec(null, this.errorCallback, \"Media\", \"create\", [this.id, this.src]);","};","","// Media messages","Media.MEDIA_STATE = 1;","Media.MEDIA_DURATION = 2;","Media.MEDIA_POSITION = 3;","Media.MEDIA_ERROR = 9;","","// Media states","Media.MEDIA_NONE = 0;","Media.MEDIA_STARTING = 1;","Media.MEDIA_RUNNING = 2;","Media.MEDIA_PAUSED = 3;","Media.MEDIA_STOPPED = 4;","Media.MEDIA_MSG = [\"None\", \"Starting\", \"Running\", \"Paused\", \"Stopped\"];","","// \"static\" function to return existing objs.","Media.get = function(id) {","    return mediaObjects[id];","};","","/**"," * Start or resume playing audio file."," */","Media.prototype.play = function(options) {","    exec(null, null, \"Media\", \"startPlayingAudio\", [this.id, this.src, options]);","};","","/**"," * Stop playing audio file."," */","Media.prototype.stop = function() {","    var me = this;","    exec(function() {","        me._position = 0;","    }, this.errorCallback, \"Media\", \"stopPlayingAudio\", [this.id]);","};","","/**"," * Seek or jump to a new time in the track.."," */","Media.prototype.seekTo = function(milliseconds) {","    var me = this;","    exec(function(p) {","        me._position = p;","    }, this.errorCallback, \"Media\", \"seekToAudio\", [this.id, milliseconds]);","};","","/**"," * Pause playing audio file."," */","Media.prototype.pause = function() {","    exec(null, this.errorCallback, \"Media\", \"pausePlayingAudio\", [this.id]);","};","","/**"," * Get duration of an audio file."," * The duration is only set for audio that is playing, paused or stopped."," *"," * @return      duration or -1 if not known."," */","Media.prototype.getDuration = function() {","    return this._duration;","};","","/**"," * Get position of audio."," */","Media.prototype.getCurrentPosition = function(success, fail) {","    var me = this;","    exec(function(p) {","        me._position = p;","        success(p);","    }, fail, \"Media\", \"getCurrentPositionAudio\", [this.id]);","};","","/**"," * Start recording audio file."," */","Media.prototype.startRecord = function() {","    exec(null, this.errorCallback, \"Media\", \"startRecordingAudio\", [this.id, this.src]);","};","","/**"," * Stop recording audio file."," */","Media.prototype.stopRecord = function() {","    exec(null, this.errorCallback, \"Media\", \"stopRecordingAudio\", [this.id]);","};","","/**"," * Pause recording audio file."," */","Media.prototype.pauseRecord = function() {","    exec(null, this.errorCallback, \"Media\", \"pauseRecordingAudio\", [this.id]);","};","","/**","* Resume recording audio file.","*/","Media.prototype.resumeRecord = function() {","    exec(null, this.errorCallback, \"Media\", \"resumeRecordingAudio\", [this.id]);","};","","/**"," * Release the resources."," */","Media.prototype.release = function() {","    exec(null, this.errorCallback, \"Media\", \"release\", [this.id]);","};","","/**"," * Adjust the volume."," */","Media.prototype.setVolume = function(volume) {","    exec(null, null, \"Media\", \"setVolume\", [this.id, volume]);","};","","/**"," * Adjust the playback rate."," */","Media.prototype.setRate = function(rate) {","    if (cordova.platformId === 'ios'){","        exec(null, null, \"Media\", \"setRate\", [this.id, rate]);","    } else {","        console.warn('media.setRate method is currently not supported for', cordova.platformId, 'platform.');","    }","};","","/**"," * Get amplitude of audio."," */","Media.prototype.getCurrentAmplitude = function(success, fail) {","    exec(function(p) {","        success(p);","    }, fail, \"Media\", \"getCurrentAmplitudeAudio\", [this.id]);","};","","/**"," * Audio has status update."," * PRIVATE"," *"," * @param id            The media object id (string)"," * @param msgType       The 'type' of update this is"," * @param value         Use of value is determined by the msgType"," */","Media.onStatus = function(id, msgType, value) {","","    var media = mediaObjects[id];","","    if (media) {","        switch(msgType) {","            case Media.MEDIA_STATE :","                if (media.statusCallback) {","                    media.statusCallback(value);","                }","                if (value == Media.MEDIA_STOPPED) {","                    if (media.successCallback) {","                        media.successCallback();","                    }","                }","                break;","            case Media.MEDIA_DURATION :","                media._duration = value;","                break;","            case Media.MEDIA_ERROR :","                if (media.errorCallback) {","                    media.errorCallback(value);","                }","                break;","            case Media.MEDIA_POSITION :","                media._position = Number(value);","                break;","            default :","                if (console.error) {","                    console.error(\"Unhandled Media.onStatus :: \" + msgType);","                }","                break;","        }","    } else if (console.error) {","        console.error(\"Received Media.onStatus callback for unknown media :: \" + id);","    }","","};","","module.exports = Media;","","function onMessageFromNative(msg) {","    if (msg.action == 'status') {","        Media.onStatus(msg.status.id, msg.status.msgType, msg.status.value);","    } else {","        throw new Error('Unknown media action' + msg.action);","    }","}","","if (cordova.platformId === 'android' || cordova.platformId === 'amazon-fireos' || cordova.platformId === 'windowsphone') {","","    var channel = require('cordova/channel');","","    channel.createSticky('onMediaPluginReady');","    channel.waitForInitialization('onMediaPluginReady');","","    channel.onCordovaReady.subscribe(function() {","        exec(onMessageFromNative, undefined, 'Media', 'messageChannel', []);","        channel.initializationComplete('onMediaPluginReady');","    });","}",""],"l":{"22":2,"26":0,"40":0,"41":0,"42":0,"43":0,"44":0,"45":0,"46":0,"47":0,"48":0,"49":0,"50":0,"54":0,"55":0,"56":0,"57":0,"60":0,"61":0,"62":0,"63":0,"64":0,"65":0,"68":0,"69":0,"75":0,"76":0,"82":0,"83":0,"84":0,"85":0,"92":0,"93":0,"94":0,"95":0,"102":0,"103":0,"112":0,"113":0,"119":0,"120":0,"121":0,"122":0,"123":0,"130":0,"131":0,"137":0,"138":0,"144":0,"145":0,"151":0,"152":0,"158":0,"159":0,"165":0,"166":0,"172":0,"173":0,"174":0,"176":0,"183":0,"184":0,"185":0,"197":0,"199":0,"201":0,"202":0,"204":0,"205":0,"207":0,"208":0,"209":0,"212":0,"214":0,"215":0,"217":0,"218":0,"220":0,"222":0,"223":0,"225":0,"226":0,"228":0,"230":0,"231":0,"236":0,"238":1,"239":0,"240":0,"242":0,"246":0,"248":0,"250":0,"251":0,"253":0,"254":0,"255":0}},"/home/travis/build/npmtest/node-npmtest-cordova-plugin-media/node_modules/cordova-plugin-media/src/blackberry10/index.js":{"path":"/home/travis/build/npmtest/node-npmtest-cordova-plugin-media/node_modules/cordova-plugin-media/src/blackberry10/index.js","s":{"1":1,"2":1,"3":0,"4":0,"5":0,"6":0,"7":0,"8":0,"9":0,"10":0,"11":0,"12":0,"13":1,"14":0,"15":0,"16":0,"17":0,"18":0,"19":0,"20":0,"21":0,"22":0,"23":0,"24":0,"25":0,"26":0,"27":0,"28":0,"29":0,"30":0,"31":0,"32":0,"33":0,"34":0,"35":0,"36":0,"37":0,"38":0,"39":0,"40":0,"41":0,"42":0,"43":0,"44":0,"45":0,"46":0,"47":0,"48":0,"49":0,"50":0,"51":0,"52":0,"53":0,"54":0,"55":0,"56":0,"57":0,"58":0,"59":0,"60":0,"61":0,"62":0,"63":0,"64":0,"65":0,"66":0,"67":0,"68":0,"69":0,"70":0,"71":0,"72":0,"73":0,"74":0,"75":0,"76":0,"77":0,"78":0,"79":0,"80":0,"81":0,"82":0,"83":0,"84":0,"85":0,"86":0,"87":0,"88":0,"89":0,"90":0,"91":0,"92":0,"93":0,"94":0,"95":0,"96":0,"97":0,"98":0,"99":0,"100":0},"b":{"1":[0,0],"2":[0,0],"3":[0,0],"4":[0,0],"5":[0,0],"6":[0,0],"7":[0,0],"8":[0,0],"9":[0,0],"10":[0,0],"11":[0,0],"12":[0,0],"13":[0,0],"14":[0,0],"15":[0,0],"16":[0,0],"17":[0,0],"18":[0,0],"19":[0,0],"20":[0,0]},"f":{"1":0,"2":0,"3":0,"4":0,"5":0,"6":0,"7":0,"8":0,"9":0,"10":0,"11":0,"12":0},"fnMap":{"1":{"name":"handleMediaErrors","line":30,"loc":{"start":{"line":30,"column":0},"end":{"line":30,"column":29}}},"2":{"name":"(anonymous_2)","line":36,"loc":{"start":{"line":36,"column":36},"end":{"line":36,"column":57}}},"3":{"name":"(anonymous_3)","line":49,"loc":{"start":{"line":49,"column":12},"end":{"line":49,"column":48}}},"4":{"name":"(anonymous_4)","line":71,"loc":{"start":{"line":71,"column":23},"end":{"line":71,"column":59}}},"5":{"name":"(anonymous_5)","line":94,"loc":{"start":{"line":94,"column":22},"end":{"line":94,"column":58}}},"6":{"name":"(anonymous_6)","line":120,"loc":{"start":{"line":120,"column":17},"end":{"line":120,"column":53}}},"7":{"name":"(anonymous_7)","line":146,"loc":{"start":{"line":146,"column":23},"end":{"line":146,"column":59}}},"8":{"name":"(anonymous_8)","line":166,"loc":{"start":{"line":166,"column":29},"end":{"line":166,"column":65}}},"9":{"name":"(anonymous_9)","line":186,"loc":{"start":{"line":186,"column":17},"end":{"line":186,"column":53}}},"10":{"name":"(anonymous_10)","line":206,"loc":{"start":{"line":206,"column":25},"end":{"line":206,"column":61}}},"11":{"name":"(anonymous_11)","line":211,"loc":{"start":{"line":211,"column":24},"end":{"line":211,"column":60}}},"12":{"name":"(anonymous_12)","line":216,"loc":{"start":{"line":216,"column":13},"end":{"line":216,"column":49}}}},"statementMap":{"1":{"start":{"line":24,"column":0},"end
[...]
tart":{"line":73,"column":21},"end":{"line":73,"column":33}}},"5":{"name":"(anonymous_5)","line":77,"loc":{"start":{"line":77,"column":28},"end":{"line":77,"column":41}}},"6":{"name":"(anonymous_6)","line":81,"loc":{"start":{"line":81,"column":19},"end":{"line":81,"column":32}}},"7":{"name":"(anonymous_7)","line":90,"loc":{"start":{"line":90,"column":19},"end":{"line":90,"column":31}}},"8":{"name":"(anonymous_8)","line":118,"loc":{"start":{"line":118,"column":23},"end":{"line":118,"column":34}}},"9":{"name":"(anonymous_9)","line":135,"loc":{"start":{"line":135,"column":23},"end":{"line":135,"column":34}}},"10":{"name":"(anonymous_10)","line":148,"loc":{"start":{"line":148,"column":25},"end":{"line":148,"column":48}}},"11":{"name":"(anonymous_11)","line":159,"loc":{"start":{"line":159,"column":24},"end":{"line":159,"column":35}}},"12":{"name":"(anonymous_12)","line":173,"loc":{"start":{"line":173,"column":30},"end":{"line":173,"column":41}}},"13":{"name":"(anonymous_13)","line":180,"loc":{"start":{"line":180,"column":37},"end":{"line":180,"column":61}}},"14":{"name":"(anonymous_14)","line":193,"loc":{"start":{"line":193,"column":30},"end":{"line":193,"column":41}}},"15":{"name":"(anonymous_15)","line":200,"loc":{"start":{"line":200,"column":29},"end":{"line":200,"column":40}}},"16":{"name":"(anonymous_16)","line":207,"loc":{"start":{"line":207,"column":26},"end":{"line":207,"column":37}}},"17":{"name":"(anonymous_17)","line":217,"loc":{"start":{"line":217,"column":28},"end":{"line":217,"column":45}}},"18":{"name":"(anonymous_18)","line":229,"loc":{"start":{"line":229,"column":17},"end":{"line":229,"column":46}}}},"statementMap":{"1":{"start":{"line":24,"column":0},"end":{"line":25,"column":37}},"2":{"start":{"line":27,"column":0},"end":{"line":27,"column":22}},"3":{"start":{"line":41,"column":0},"end":{"line":59,"column":2}},"4":{"start":{"line":42,"column":4},"end":{"line":42,"column":52}},"5":{"start":{"line":43,"column":4},"end":{"line":43,"column":33}},"6":{"start":{"line":44,"column":4},"end":{"line":44,"column":33}},"7":{"start":{"line":45,"column":4},"end":{"line":45,"column":19}},"8":{"start":{"line":46,"column":4},"end":{"line":46,"column":43}},"9":{"start":{"line":47,"column":4},"end":{"line":47,"column":39}},"10":{"start":{"line":48,"column":4},"end":{"line":48,"column":41}},"11":{"start":{"line":49,"column":4},"end":{"line":49,"column":24}},"12":{"start":{"line":50,"column":4},"end":{"line":50,"column":24}},"13":{"start":{"line":52,"column":4},"end":{"line":52,"column":69}},"14":{"start":{"line":54,"column":4},"end":{"line":58,"column":5}},"15":{"start":{"line":55,"column":8},"end":{"line":55,"column":37}},"16":{"start":{"line":57,"column":8},"end":{"line":57,"column":91}},"17":{"start":{"line":66,"column":0},"end":{"line":99,"column":1}},"18":{"start":{"line":67,"column":4},"end":{"line":67,"column":27}},"19":{"start":{"line":69,"column":4},"end":{"line":71,"column":6}},"20":{"start":{"line":70,"column":8},"end":{"line":70,"column":74}},"21":{"start":{"line":73,"column":4},"end":{"line":75,"column":6}},"22":{"start":{"line":74,"column":8},"end":{"line":74,"column":73}},"23":{"start":{"line":77,"column":4},"end":{"line":79,"column":6}},"24":{"start":{"line":78,"column":8},"end":{"line":78,"column":80}},"25":{"start":{"line":81,"column":4},"end":{"line":88,"column":6}},"26":{"start":{"line":83,"column":8},"end":{"line":85,"column":27}},"27":{"start":{"line":87,"column":8},"end":{"line":87,"column":57}},"28":{"start":{"line":90,"column":4},"end":{"line":92,"column":6}},"29":{"start":{"line":91,"column":8},"end":{"line":91,"column":73}},"30":{"start":{"line":94,"column":4},"end":{"line":96,"column":5}},"31":{"start":{"line":95,"column":8},"end":{"line":95,"column":29}},"32":{"start":{"line":98,"column":4},"end":{"line":98,"column":16}},"33":{"start":{"line":102,"column":0},"end":{"line":102,"column":22}},"34":{"start":{"line":103,"column":0},"end":{"line":103,"column":25}},"35":{"start":{"line":104,"column":0},"end":{"line":104,"column":25}},"36":{"start":{"line":105,"column":0},"end":{"line":105,"column":22}},"37":{"start":{"line":108,"column":0},"end":{"line":108,"column":21}},"38":{"start":{"line":109,"column":0},"end":{"line":109,"column":25}},"39":{"start":{"line":110,"column":0},"end":{"line":110,"column":24}},"40":{"start":{"line":111,"column":0},"end":{"line":111,"column":23}},"41":{"start":{"line":112,"column":0},"end":{"line":112,"column":24}},"42":{"start":{"line":113,"column":0},"end":{"line":113,"column":71}},"43":{"start":{"line":118,"column":0},"end":{"line":130,"column":2}},"44":{"start":{"line":121,"column":4},"end":{"line":127,"column":5}},"45":{"start":{"line":122,"column":8},"end":{"line":126,"column":9}},"46":{"start":{"line":123,"column":12},"end":{"line":123,"column":41}},"47":{"start":{"line":125,"column":12},"end":{"line":125,"column":95}},"48":{"start":{"line":129,"column":4},"end":{"line":129,"column":21}},"49":{"start":{"line":135,"column":0},"end":{"line":143,"column":2}},"50":{"start":{"line":136,"column":4},"end":{"line":142,"column":5}},"51":{"start":{"line":137,"column":8},"end":{"line":137,"column":21}},"52":{"start":{"line":138,"column":8},"end":{"line":138,"column":23}},"53":{"start":{"line":139,"column":8},"end":{"line":139,"column":72}},"54":{"start":{"line":141,"column":8},"end":{"line":141,"column":56}},"55":{"start":{"line":148,"column":0},"end":{"line":154,"column":2}},"56":{"start":{"line":149,"column":4},"end":{"line":153,"column":5}},"57":{"start":{"line":150,"column":8},"end":{"line":150,"column":52}},"58":{"start":{"line":152,"column":8},"end":{"line":152,"column":56}},"59":{"start":{"line":159,"column":0},"end":{"line":165,"column":7}},"60":{"start":{"line":160,"column":4},"end":{"line":165,"column":5}},"61":{"start":{"line":161,"column":8},"end":{"line":161,"column":26}},"62":{"start":{"line":162,"column":8},"end":{"line":162,"column":71}},"63":{"start":{"line":164,"column":8},"end":{"line":164,"column":56}},"64":{"start":{"line":173,"column":0},"end":{"line":175,"column":2}},"65":{"start":{"line":174,"column":4},"end":{"line":174,"column":26}},"66":{"start":{"line":180,"column":0},"end":{"line":188,"column":2}},"67":{"start":{"line":181,"column":4},"end":{"line":187,"column":5}},"68":{"start":{"line":182,"column":8},"end":{"line":182,"column":38}},"69":{"start":{"line":183,"column":8},"end":{"line":183,"column":57}},"70":{"start":{"line":184,"column":8},"end":{"line":184,"column":19}},"71":{"start":{"line":186,"column":8},"end":{"line":186,"column":18}},"72":{"start":{"line":193,"column":0},"end":{"line":195,"column":2}},"73":{"start":{"line":194,"column":4},"end":{"line":194,"column":64}},"74":{"start":{"line":200,"column":0},"end":{"line":202,"column":2}},"75":{"start":{"line":201,"column":4},"end":{"line":201,"column":64}},"76":{"start":{"line":207,"column":0},"end":{"line":212,"column":7}},"77":{"start":{"line":208,"column":4},"end":{"line":212,"column":5}},"78":{"start":{"line":209,"column":8},"end":{"line":209,"column":25}},"79":{"start":{"line":211,"column":8},"end":{"line":211,"column":56}},"80":{"start":{"line":217,"column":0},"end":{"line":219,"column":2}},"81":{"start":{"line":218,"column":4},"end":{"line":218,"column":30}},"82":{"start":{"line":229,"column":0},"end":{"line":265,"column":2}},"83":{"start":{"line":231,"column":4},"end":{"line":231,"column":33}},"84":{"start":{"line":233,"column":4},"end":{"line":264,"column":5}},"85":{"start":{"line":234,"column":8},"end":{"line":261,"column":9}},"86":{"start":{"line":236,"column":16},"end":{"line":238,"column":17}},"87":{"start":{"line":237,"column":20},"end":{"line":237,"column":48}},"88":{"start":{"line":239,"column":16},"end":{"line":243,"column":17}},"89":{"start":{"line":240,"column":20},"end":{"line":242,"column":21}},"90":{"start":{"line":241,"column":24},"end":{"line":241,"column":48}},"91":{"start":{"line":244,"column":16},"end":{"line":244,"column":22}},"92":{"start":{"line":246,"column":16},"end":{"line":246,"column":40}},"93":{"start":{"line":247,"column":16},"end":{"line":247,"column":22}},"94":{"start":{"line":249,"column":16},"end":{"line":251,"column":17}},"95":{"start":{"line":250,"column":20},"end":{"line":250,"column":47}},"96":{"start":{"line":252,"column":16},"end":{"line":252,"column":22}},"97":{"start":{"line":254,"column":16},"end":{"line":254,"column":48}},"98":{"start":{"line":255,"column":16},"end":{"line":255,"column":22}},"99":{"start":{"line":257,"column":16},"end":{"line":259,"column":17}},"100":{"start":{"line":258,"column":20},"end":{"line":258,"column":76}},"101":{"start":{"line":260,"column":16},"end":{"line":260,"column":22}},"102":{"start":{"line":262,"column":11},"end":{"line":264,"column":5}},"103":{"start":{"line":263,"column":8},"end":{"line":263,"column":85}},"104":{"start":{"line":267,"column":0},"end":{"line":267,"column":23}}},"branchMap":{"1":{"line":78,"type":"binary-expr","locations":[{"start":{"line":78,"column":55},"end":{"line":78,"column":72}},{"start":{"line":78,"column":76},"end":{"line":78,"column":78}}]},"2":{"line":83,"type":"cond-expr","locations":[{"start":{"line":84,"column":12},"end":{"line":84,"column":50}},{"start":{"line":85,"column":12},"end":{"line":85,"column":26}}]},"3":{"line":94,"type":"if","locations":[{"start":{"line":94,"column":4},"end":{"line":94,"column":4}},{"start":{"line":94,"column":4},"end":{"line":94,"column":4}}]},"4":{"line":121,"type":"if","locations":[{"start":{"line":121,"column":4},"end":{"line":121,"column":4}},{"start":{"line":121,"column":4},"end":{"line":121,"column":4}}]},"5":{"line":233,"type":"if","locations":[{"start":{"line":233,"column":4},"end":{"line":233,"column":4}},{"start":{"line":233,"column":4},"end":{"line":233,"column":4}}]},"6":{"line":234,"type":"switch","locations":[{"start":{"line":235,"column":12},"end":{"line":244,"column":22}},{"start":{"line":245,"column":12},"end":{"line":247,"column":22}},{"start":{"line":248,"column":12},"end":{"line":252,"column":22}},{"start":{"line":253,"column":12},"end":{"line":255,"column":22}},{"start":{"line":256,"column":12},"end":{"line":260,"column":22}}]},"7":{"line":236,"type":"if","locations":[{"start":{"line":236,"column":16},"end":{"line":236,"column":16}},{"start":{"line":236,"column":16},"end":{"line":236,"column":16}}]},"8":{"line":239,"type":"if","locations":[{"start":{"line":239,"column":16},"end":{"line":239,"column":16}},{"start":{"line":239,"column":16},"end":{"line":239,"column":16}}]},"9":{"line":240,"type":"if","locations":[{"start":{"line":240,"column":20},"end":{"line":240,"column":20}},{"start":{"line":240,"column":20},"end":{"line":240,"column":20}}]},"10":{"line":249,"type":"if","locations":[{"start":{"line":249,"column":16},"end":{"line":249,"column":16}},{"start":{"line":249,"column":16},"end":{"line":249,"column":16}}]},"11":{"line":257,"type":"if","locations":[{"start":{"line":257,"column":16},"end":{"line":257,"column":16}},{"start":{"line":257,"column":16},"end":{"line":257,"column":16}}]},"12":{"line":262,"type":"if","locations":[{"start":{"line":262,"column":11},"end":{"line":262,"column":11}},{"start":{"line":262,"column":11},"end":{"line":262,"column":11}}]}},"code":["/*"," *"," * Licensed to the Apache Software Foundation (ASF) under one"," * or more contributor license agreements.  See the NOTICE file"," * distributed with this work for additional information"," * regarding copyright ownership.  The ASF licenses this file"," * to you under the Apache License, Version 2.0 (the"," * \"License\"); you may not use this file except in compliance"," * with the License.  You may obtain a copy of the License at"," *"," *   http://www.apache.org/licenses/LICENSE-2.0"," *"," * Unless required by applicable law or agreed to in writing,"," * software distributed under the License is distributed on an"," * \"AS IS\" BASIS, WITHOUT WARRANTIES OR CONDITIONS OF ANY"," * KIND, either express or implied.  See the License for the"," * specific language governing permissions and limitations"," * under the License."," *","*/","","/* global MediaError */","","var argscheck = require('cordova/argscheck'),","    utils = require('cordova/utils');","","var mediaObjects = {};","","/**"," * This class provides access to the device media, interfaces to both sound and video"," *"," * @constructor"," * @param src                   The file name or url to play"," * @param successCallback       The callback to be called when the file is done playing or recording."," *                                  successCallback()"," * @param errorCallback         The callback to be called if there is an error."," *                                  errorCallback(int errorCode) - OPTIONAL"," * @param statusCallback        The callback to be called when media status has changed."," *                                  statusCallback(int statusCode) - OPTIONAL"," */","var Media = function(src, successCallback, errorCallback, statusCallback) {","    argscheck.checkArgs('SFFF', 'Media', arguments);","    this.id = utils.createUUID();","    mediaObjects[this.id] = this;","    this.src = src;","    this.successCallback = successCallback;","    this.errorCallback = errorCallback;","    this.statusCallback = statusCallback;","    this._duration = -1;","    this._position = -1;","","    Media.onStatus(this.id, Media.MEDIA_STATE, Media.MEDIA_STARTING);","    ","    try {","        this.node = createNode(this);","    } catch (err) {","        Media.onStatus(this.id, Media.MEDIA_ERROR, { code: MediaError.MEDIA_ERR_ABORTED });","    }","};","","/**"," * Creates new Audio node and with necessary event listeners attached"," * @param  {Media} media Media object"," * @return {Audio}       Audio element "," */","function createNode (media) {","    var node = new Audio();","","    node.onloadstart = function () {","        Media.onStatus(media.id, Media.MEDIA_STATE, Media.MEDIA_STARTING);","    };","","    node.onplaying = function () {","        Media.onStatus(media.id, Media.MEDIA_STATE, Media.MEDIA_RUNNING);","    };","","    node.ondurationchange = function (e) {","        Media.onStatus(media.id, Media.MEDIA_DURATION, e.target.duration || -1);","    };","","    node.onerror = function (e) {","        // Due to media.spec.15 It should return MediaError for bad filename","        var err = e.target.error.code === MediaError.MEDIA_ERR_SRC_NOT_SUPPORTED ?","            { code: MediaError.MEDIA_ERR_ABORTED } :","            e.target.error;","","        Media.onStatus(media.id, Media.MEDIA_ERROR, err);","    };","","    node.onended = function () {","        Media.onStatus(media.id, Media.MEDIA_STATE, Media.MEDIA_STOPPED);","    };","","    if (media.src) {","        node.src = media.src;","    }","","    return node;","}","","// Media messages","Media.MEDIA_STATE = 1;","Media.MEDIA_DURATION = 2;","Media.MEDIA_POSITION = 3;","Media.MEDIA_ERROR = 9;","","// Media states","Media.MEDIA_NONE = 0;","Media.MEDIA_STARTING = 1;","Media.MEDIA_RUNNING = 2;","Media.MEDIA_PAUSED = 3;","Media.MEDIA_STOPPED = 4;","Media.MEDIA_MSG = [\"None\", \"Starting\", \"Running\", \"Paused\", \"Stopped\"];","","/**"," * Start or resume playing audio file."," */","Media.prototype.play = function() {","","    // if Media was released, then node will be null and we need to create it again","    if (!this.node) {","        try {","            this.node = createNode(this);","        } catch (err) {","            Media.onStatus(this.id, Media.MEDIA_ERROR, { code: MediaError.MEDIA_ERR_ABORTED });","        }","    }","","    this.node.play();","};","","/**"," * Stop playing audio file."," */","Media.prototype.stop = function() {","    try {","        this.pause();","        this.seekTo(0);","        Media.onStatus(this.id, Media.MEDIA_STATE, Media.MEDIA_STOPPED);","    } catch (err) {","        Media.onStatus(this.id, Media.MEDIA_ERROR, err);","    }","};","","/**"," * Seek or jump to a new time in the track.."," */","Media.prototype.seekTo = function(milliseconds) {","    try {","        this.node.currentTime = milliseconds / 1000;","    } catch (err) {","        Media.onStatus(this.id, Media.MEDIA_ERROR, err);","    }","};","","/**"," * Pause playing audio file."," */","Media.prototype.pause = function() {","    try {","        this.node.pause();","        Media.onStatus(this.id, Media.MEDIA_STATE, Media.MEDIA_PAUSED);","    } catch (err) {","        Media.onStatus(this.id, Media.MEDIA_ERROR, err);","    }};","","/**"," * Get duration of an audio file."," * The duration is only set for audio that is playing, paused or stopped."," *"," * @return      duration or -1 if not known."," */","Media.prototype.getDuration = function() {","    return this._duration;","};","","/**"," * Get position of audio."," */","Media.prototype.getCurrentPosition = function(success, fail) {","    try {","        var p = this.node.currentTime;","        Media.onStatus(this.id, Media.MEDIA_POSITION, p);","        success(p);","    } catch (err) {","        fail(err);","    }","};","","/**"," * Start recording audio file."," */","Media.prototype.startRecord = function() {","    Media.onStatus(this.id, Media.MEDIA_ERROR, \"Not supported\");","};","","/**"," * Stop recording audio file."," */","Media.prototype.stopRecord = function() {","    Media.onStatus(this.id, Media.MEDIA_ERROR, \"Not supported\");","};","","/**"," * Release the resources."," */","Media.prototype.release = function() {","    try {","        delete this.node;","    } catch (err) {","        Media.onStatus(this.id, Media.MEDIA_ERROR, err);","    }};","","/**"," * Adjust the volume."," */","Media.prototype.setVolume = function(volume) {","    this.node.volume = volume;","};","","/**"," * Audio has status update."," * PRIVATE"," *"," * @param id            The media object id (string)"," * @param msgType       The 'type' of update this is"," * @param value         Use of value is determined by the msgType"," */","Media.onStatus = function(id, msgType, value) {","","    var media = mediaObjects[id];","","    if (media) {","        switch(msgType) {","            case Media.MEDIA_STATE :","                if (media.statusCallback) {","                    media.statusCallback(value);","                }","                if (value === Media.MEDIA_STOPPED) {","                    if (media.successCallback) {","                        media.successCallback();","                    }","                }","                break;","            case Media.MEDIA_DURATION :","                media._duration = value;","                break;","            case Media.MEDIA_ERROR :","                if (media.errorCallback) {","                    media.errorCallback(value);","                }","                break;","            case Media.MEDIA_POSITION :","                media._position = Number(value);","                break;","            default :","                if (console.error) {","                    console.error(\"Unhandled Media.onStatus :: \" + msgType);","                }","                break;","        }","    } else if (console.error) {","        console.error(\"Received Media.onStatus callback for unknown media :: \" + id);","    }","};","","module.exports = Media;",""],"l":{"24":2,"27":0,"41":0,"42":0,"43":0,"44":0,"45":0,"46":0,"47":0,"48":0,"49":0,"50":0,"52":0,"54":0,"55":0,"57":0,"66":1,"67":0,"69":0,"70":0,"73":0,"74":0,"77":0,"78":0,"81":0,"83":0,"87":0,"90":0,"91":0,"94":0,"95":0,"98":0,"102":0,"103":0,"104":0,"105":0,"108":0,"109":0,"110":0,"111":0,"112":0,"113":0,"118":0,"121":0,"122":0,"123":0,"125":0,"129":0,"135":0,"136":0,"137":0,"138":0,"139":0,"141":0,"148":0,"149":0,"150":0,"152":0,"159":0,"160":0,"161":0,"162":0,"164":0,"173":0,"174":0,"180":0,"181":0,"182":0,"183":0,"184":0,"186":0,"193":0,"194":0,"200":0,"201":0,"207":0,"208":0,"209":0,"211":0,"217":0,"218":0,"229":0,"231":0,"233":0,"234":0,"236":0,"237":0,"239":0,"240":0,"241":0,"244":0,"246":0,"247":0,"249":0,"250":0,"252":0,"254":0,"255":0,"257":0,"258":0,"260":0,"262":0,"263":0,"267":0}}}